TpTrace Verbose: 0 : 15288, 1, 2021/08/04, 16:37:27.219, 2034681460142, vstest.console.dll, Version: 17.0.0-preview-20210518-01
TpTrace Verbose: 0 : 15288, 1, 2021/08/04, 16:37:27.238, 2034681563324, vstest.console.dll, Using effective platform:X86 effective framework:.NETCoreApp,Version=v1.0
TpTrace Information: 0 : 15288, 1, 2021/08/04, 16:37:27.240, 2034681588681, vstest.console.dll, Using .Net Framework version:.NETCoreApp,Version=v6.0
TpTrace Information: 0 : 15288, 1, 2021/08/04, 16:37:27.241, 2034681591300, vstest.console.dll, InferRunSettingsHelper.IsTestSettingsEnabled: Unable to navigate to RunSettings/MSTest. Current node: RunSettings
TpTrace Verbose: 0 : 15288, 1, 2021/08/04, 16:37:27.247, 2034681653041, vstest.console.dll, CoverletDataCollector in-process codeBase path 'C:\Users\mhoque\.nuget\packages\coverlet.collector\3.0.3\build\netstandard1.0\coverlet.collector.dll'
TpTrace Information: 0 : 15288, 1, 2021/08/04, 16:37:27.248, 2034681659964, vstest.console.dll, FilePatternParser: The given file C:\Users\mhoque\source\repos\LiteObject\Demo.DDD.WithEFCore\Demo.DDD.WithEFCore.IntegrationTest\bin\Debug\net6.0\Demo.DDD.WithEFCore.IntegrationTest.dll is a full path.
TpTrace Verbose: 0 : 15288, 1, 2021/08/04, 16:37:27.264, 2034681827868, vstest.console.dll, TestPluginCache.DiscoverTestExtensions: finding test extensions in assemblies ends with: RuntimeProvider.dll TPluginInfo: Microsoft.VisualStudio.TestPlatform.Common.ExtensionFramework.Utilities.TestRuntimePluginInformation TExtension: Microsoft.VisualStudio.TestPlatform.ObjectModel.Host.ITestRuntimeProvider
TpTrace Verbose: 0 : 15288, 1, 2021/08/04, 16:37:27.265, 2034681830033, vstest.console.dll, TestPluginCache.GetExtensionPaths: Filtered extension paths: 
TpTrace Verbose: 0 : 15288, 1, 2021/08/04, 16:37:27.265, 2034681830977, vstest.console.dll, TestPluginCache.GetExtensionPaths: Added default extension paths: C:\Program Files\dotnet\sdk\6.0.100-preview.6.21355.2\Extensions\Microsoft.Diagnostics.NETCore.Client.dll
C:\Program Files\dotnet\sdk\6.0.100-preview.6.21355.2\Extensions\Microsoft.TestPlatform.Extensions.BlameDataCollector.dll
C:\Program Files\dotnet\sdk\6.0.100-preview.6.21355.2\Extensions\Microsoft.TestPlatform.Extensions.EventLogCollector.dll
C:\Program Files\dotnet\sdk\6.0.100-preview.6.21355.2\Extensions\Microsoft.TestPlatform.TestHostRuntimeProvider.dll
C:\Program Files\dotnet\sdk\6.0.100-preview.6.21355.2\Extensions\Microsoft.VisualStudio.TestPlatform.Extensions.Html.TestLogger.dll
C:\Program Files\dotnet\sdk\6.0.100-preview.6.21355.2\Extensions\Microsoft.VisualStudio.TestPlatform.Extensions.Trx.TestLogger.dll
TpTrace Verbose: 0 : 15288, 1, 2021/08/04, 16:37:27.265, 2034681831487, vstest.console.dll, TestPluginCache.GetExtensionPaths: Added unfilterableExtensionPaths: 
TpTrace Information: 0 : 15288, 1, 2021/08/04, 16:37:27.265, 2034681838883, vstest.console.dll, AssemblyResolver.ctor: Creating AssemblyResolver with searchDirectories C:\Program Files\dotnet\sdk\6.0.100-preview.6.21355.2\Extensions,C:\Program Files\dotnet\sdk\6.0.100-preview.6.21355.2
TpTrace Verbose: 0 : 15288, 1, 2021/08/04, 16:37:27.268, 2034681863285, vstest.console.dll, TestPluginCache.DiscoverTestExtensions: Discovering the extensions using extension path.
TpTrace Verbose: 0 : 15288, 1, 2021/08/04, 16:37:27.268, 2034681864697, vstest.console.dll, TestPluginCache.GetExtensionPaths: Filtered extension paths: 
TpTrace Verbose: 0 : 15288, 1, 2021/08/04, 16:37:27.268, 2034681865251, vstest.console.dll, TestPluginCache.GetExtensionPaths: Added default extension paths: C:\Program Files\dotnet\sdk\6.0.100-preview.6.21355.2\Extensions\Microsoft.Diagnostics.NETCore.Client.dll
C:\Program Files\dotnet\sdk\6.0.100-preview.6.21355.2\Extensions\Microsoft.TestPlatform.Extensions.BlameDataCollector.dll
C:\Program Files\dotnet\sdk\6.0.100-preview.6.21355.2\Extensions\Microsoft.TestPlatform.Extensions.EventLogCollector.dll
C:\Program Files\dotnet\sdk\6.0.100-preview.6.21355.2\Extensions\Microsoft.TestPlatform.TestHostRuntimeProvider.dll
C:\Program Files\dotnet\sdk\6.0.100-preview.6.21355.2\Extensions\Microsoft.VisualStudio.TestPlatform.Extensions.Html.TestLogger.dll
C:\Program Files\dotnet\sdk\6.0.100-preview.6.21355.2\Extensions\Microsoft.VisualStudio.TestPlatform.Extensions.Trx.TestLogger.dll
TpTrace Verbose: 0 : 15288, 1, 2021/08/04, 16:37:27.268, 2034681866306, vstest.console.dll, TestPluginCache.GetExtensionPaths: Added unfilterableExtensionPaths: 
TpTrace Verbose: 0 : 15288, 1, 2021/08/04, 16:37:27.268, 2034681867146, vstest.console.dll, TestPluginCache.DiscoverTestExtensions: Discovering the extensions using allExtensionPaths: C:\Program Files\dotnet\sdk\6.0.100-preview.6.21355.2\Extensions\Microsoft.Diagnostics.NETCore.Client.dll
C:\Program Files\dotnet\sdk\6.0.100-preview.6.21355.2\Extensions\Microsoft.TestPlatform.Extensions.BlameDataCollector.dll
C:\Program Files\dotnet\sdk\6.0.100-preview.6.21355.2\Extensions\Microsoft.TestPlatform.Extensions.EventLogCollector.dll
C:\Program Files\dotnet\sdk\6.0.100-preview.6.21355.2\Extensions\Microsoft.TestPlatform.TestHostRuntimeProvider.dll
C:\Program Files\dotnet\sdk\6.0.100-preview.6.21355.2\Extensions\Microsoft.VisualStudio.TestPlatform.Extensions.Html.TestLogger.dll
C:\Program Files\dotnet\sdk\6.0.100-preview.6.21355.2\Extensions\Microsoft.VisualStudio.TestPlatform.Extensions.Trx.TestLogger.dll
TpTrace Information: 0 : 15288, 1, 2021/08/04, 16:37:27.268, 2034681868298, vstest.console.dll, AssemblyResolver.AddSearchDirectories: Adding more searchDirectories C:\Program Files\dotnet\sdk\6.0.100-preview.6.21355.2\Extensions,C:\Program Files\dotnet\sdk\6.0.100-preview.6.21355.2
TpTrace Information: 0 : 15288, 1, 2021/08/04, 16:37:27.268, 2034681868853, vstest.console.dll, AssemblyResolver.AddSearchDirectories: Adding more searchDirectories C:\Program Files\dotnet\sdk\6.0.100-preview.6.21355.2\Extensions,C:\Program Files\dotnet\sdk\6.0.100-preview.6.21355.2
TpTrace Information: 0 : 15288, 1, 2021/08/04, 16:37:27.269, 2034681869293, vstest.console.dll, AssemblyResolver.AddSearchDirectories: Adding more searchDirectories C:\Program Files\dotnet\sdk\6.0.100-preview.6.21355.2\Extensions,C:\Program Files\dotnet\sdk\6.0.100-preview.6.21355.2
TpTrace Information: 0 : 15288, 1, 2021/08/04, 16:37:27.269, 2034681869662, vstest.console.dll, AssemblyResolver.AddSearchDirectories: Adding more searchDirectories C:\Program Files\dotnet\sdk\6.0.100-preview.6.21355.2\Extensions,C:\Program Files\dotnet\sdk\6.0.100-preview.6.21355.2
TpTrace Information: 0 : 15288, 1, 2021/08/04, 16:37:27.269, 2034681870020, vstest.console.dll, AssemblyResolver.AddSearchDirectories: Adding more searchDirectories C:\Program Files\dotnet\sdk\6.0.100-preview.6.21355.2\Extensions,C:\Program Files\dotnet\sdk\6.0.100-preview.6.21355.2
TpTrace Information: 0 : 15288, 1, 2021/08/04, 16:37:27.269, 2034681870430, vstest.console.dll, AssemblyResolver.AddSearchDirectories: Adding more searchDirectories C:\Program Files\dotnet\sdk\6.0.100-preview.6.21355.2\Extensions,C:\Program Files\dotnet\sdk\6.0.100-preview.6.21355.2
TpTrace Information: 0 : 15288, 1, 2021/08/04, 16:37:27.269, 2034681873521, vstest.console.dll, AssemblyResolver.OnResolve: Microsoft.Diagnostics.NETCore.Client: Resolving assembly.
TpTrace Information: 0 : 15288, 1, 2021/08/04, 16:37:27.269, 2034681874281, vstest.console.dll, AssemblyResolver.OnResolve: Microsoft.Diagnostics.NETCore.Client: Searching in: 'C:\Program Files\dotnet\sdk\6.0.100-preview.6.21355.2\Extensions'.
TpTrace Information: 0 : 15288, 1, 2021/08/04, 16:37:27.271, 2034681889726, vstest.console.dll, AssemblyResolver.OnResolve: Microsoft.Diagnostics.NETCore.Client: Loading assembly 'C:\Program Files\dotnet\sdk\6.0.100-preview.6.21355.2\Extensions\Microsoft.Diagnostics.NETCore.Client.dll'.
TpTrace Information: 0 : 15288, 1, 2021/08/04, 16:37:27.273, 2034681913400, vstest.console.dll, AssemblyResolver.OnResolve: Resolved assembly: Microsoft.Diagnostics.NETCore.Client, from path: C:\Program Files\dotnet\sdk\6.0.100-preview.6.21355.2\Extensions\Microsoft.Diagnostics.NETCore.Client.dll
TpTrace Information: 0 : 15288, 1, 2021/08/04, 16:37:27.282, 2034682001727, vstest.console.dll, AssemblyResolver.OnResolve: Microsoft.Bcl.AsyncInterfaces: Resolving assembly.
TpTrace Information: 0 : 15288, 1, 2021/08/04, 16:37:27.282, 2034682003121, vstest.console.dll, AssemblyResolver.OnResolve: Microsoft.Bcl.AsyncInterfaces: Searching in: 'C:\Program Files\dotnet\sdk\6.0.100-preview.6.21355.2\Extensions'.
TpTrace Information: 0 : 15288, 1, 2021/08/04, 16:37:27.282, 2034682005383, vstest.console.dll, AssemblyResolver.OnResolve: Microsoft.Bcl.AsyncInterfaces: Assembly path does not exist: 'C:\Program Files\dotnet\sdk\6.0.100-preview.6.21355.2\Extensions\Microsoft.Bcl.AsyncInterfaces.dll', returning.
TpTrace Information: 0 : 15288, 1, 2021/08/04, 16:37:27.282, 2034682007489, vstest.console.dll, AssemblyResolver.OnResolve: Microsoft.Bcl.AsyncInterfaces: Assembly path does not exist: 'C:\Program Files\dotnet\sdk\6.0.100-preview.6.21355.2\Extensions\Microsoft.Bcl.AsyncInterfaces.exe', returning.
TpTrace Information: 0 : 15288, 1, 2021/08/04, 16:37:27.282, 2034682007959, vstest.console.dll, AssemblyResolver.OnResolve: Microsoft.Bcl.AsyncInterfaces: Searching in: 'C:\Program Files\dotnet\sdk\6.0.100-preview.6.21355.2'.
TpTrace Information: 0 : 15288, 1, 2021/08/04, 16:37:27.283, 2034682009847, vstest.console.dll, AssemblyResolver.OnResolve: Microsoft.Bcl.AsyncInterfaces: Assembly path does not exist: 'C:\Program Files\dotnet\sdk\6.0.100-preview.6.21355.2\Microsoft.Bcl.AsyncInterfaces.dll', returning.
TpTrace Information: 0 : 15288, 1, 2021/08/04, 16:37:27.283, 2034682011786, vstest.console.dll, AssemblyResolver.OnResolve: Microsoft.Bcl.AsyncInterfaces: Assembly path does not exist: 'C:\Program Files\dotnet\sdk\6.0.100-preview.6.21355.2\Microsoft.Bcl.AsyncInterfaces.exe', returning.
TpTrace Information: 0 : 15288, 1, 2021/08/04, 16:37:27.283, 2034682012300, vstest.console.dll, AssemblyResolver.OnResolve: Microsoft.Bcl.AsyncInterfaces: Failed to load assembly.
TpTrace Verbose: 0 : 15288, 1, 2021/08/04, 16:37:27.283, 2034682012743, vstest.console.dll, CurrentDomainAssemblyResolve: Resolving assembly 'Microsoft.Bcl.AsyncInterfaces'.
TpTrace Information: 0 : 15288, 1, 2021/08/04, 16:37:27.283, 2034682013385, vstest.console.dll, AssemblyResolver.OnResolve: Microsoft.Bcl.AsyncInterfaces: Resolving assembly.
TpTrace Information: 0 : 15288, 1, 2021/08/04, 16:37:27.283, 2034682013833, vstest.console.dll, AssemblyResolver.OnResolve: Microsoft.Bcl.AsyncInterfaces: Resolved from cache.
TpTrace Verbose: 0 : 15288, 1, 2021/08/04, 16:37:27.283, 2034682014205, vstest.console.dll, CurrentDomainAssemblyResolve: Resolving assembly 'Microsoft.Bcl.AsyncInterfaces'.
TpTrace Verbose: 0 : 15288, 1, 2021/08/04, 16:37:27.283, 2034682014677, vstest.console.dll, CurrentDomainAssemblyResolve: Failed to resolve assembly 'Microsoft.Bcl.AsyncInterfaces'.
TpTrace Verbose: 0 : 15288, 1, 2021/08/04, 16:37:27.289, 2034682076043, vstest.console.dll, CurrentDomainAssemblyResolve: Failed to resolve assembly 'Microsoft.Bcl.AsyncInterfaces'.
TpTrace Warning: 0 : 15288, 1, 2021/08/04, 16:37:27.319, 2034682369717, vstest.console.dll, TestPluginDiscoverer: Failed to get types from assembly 'Microsoft.Diagnostics.NETCore.Client, Version=0.2.2.41902, Culture=neutral, PublicKeyToken=31bf3856ad364e35'.  Skipping test extension scan for this assembly.  Error: System.Reflection.ReflectionTypeLoadException: Unable to load one or more of the requested types.
Could not load file or assembly 'Microsoft.Bcl.AsyncInterfaces, Version=1.0.0.0, Culture=neutral, PublicKeyToken=cc7b13ffcd2ddd51'. The system cannot find the file specified.
   at System.Reflection.RuntimeModule.GetTypes(RuntimeModule module)
   at System.Reflection.Assembly.GetTypes() in System.Private.CoreLib.dll:token 0x6004c79+0x0
   at Microsoft.VisualStudio.TestPlatform.Common.ExtensionFramework.TestPluginDiscoverer.GetTestExtensionsFromAssembly[TPluginInfo,TExtension](Assembly assembly, Dictionary`2 pluginInfos) in Microsoft.VisualStudio.TestPlatform.Common.dll:token 0x60001af+0x1a
System.IO.FileNotFoundException: Could not load file or assembly 'Microsoft.Bcl.AsyncInterfaces, Version=1.0.0.0, Culture=neutral, PublicKeyToken=cc7b13ffcd2ddd51'. The system cannot find the file specified.
File name: 'Microsoft.Bcl.AsyncInterfaces, Version=1.0.0.0, Culture=neutral, PublicKeyToken=cc7b13ffcd2ddd51'
 ---> System.IO.FileNotFoundException: Could not load file or assembly 'Microsoft.Bcl.AsyncInterfaces, Culture=neutral, PublicKeyToken=null'. The system cannot find the file specified.
File name: 'Microsoft.Bcl.AsyncInterfaces, Culture=neutral, PublicKeyToken=null'
   at System.Reflection.RuntimeAssembly.InternalLoad(ObjectHandleOnStack assemblyName, ObjectHandleOnStack requestingAssembly, StackCrawlMarkHandle stackMark, Boolean throwOnFileNotFound, ObjectHandleOnStack assemblyLoadContext, ObjectHandleOnStack retAssembly) in System.Private.CoreLib.dll:token 0x6004e78+0x8
   at System.Reflection.RuntimeAssembly.InternalLoad(AssemblyName assemblyName, RuntimeAssembly requestingAssembly, StackCrawlMark& stackMark, Boolean throwOnFileNotFound, AssemblyLoadContext assemblyLoadContext) in System.Private.CoreLib.dll:token 0x6004e77+0x16
   at System.Reflection.Assembly.Load(AssemblyName assemblyRef) in System.Private.CoreLib.dll:token 0x6004c6e+0xe
   at Microsoft.VisualStudio.TestPlatform.Common.ExtensionFramework.TestPluginCache.CurrentDomainAssemblyResolve(Object sender, AssemblyResolveEventArgs args) in Microsoft.VisualStudio.TestPlatform.Common.dll:token 0x60001a9+0x64
   at Microsoft.VisualStudio.TestPlatform.PlatformAbstractions.PlatformAssemblyResolver.AssemblyResolverEvent(Object sender, Object eventArgs) in Microsoft.TestPlatform.PlatformAbstractions.dll:token 0x600004a+0x1c
   at System.Runtime.Loader.AssemblyLoadContext.GetFirstResolvedAssemblyFromResolvingEvent(AssemblyName assemblyName) in System.Private.CoreLib.dll:token 0x6003678+0x24
   at System.Runtime.Loader.AssemblyLoadContext.ResolveUsingEvent(AssemblyName assemblyName) in System.Private.CoreLib.dll:token 0x600367b+0x7
   at System.Runtime.Loader.AssemblyLoadContext.ResolveUsingResolvingEvent(IntPtr gchManagedAssemblyLoadContext, AssemblyName assemblyName) in System.Private.CoreLib.dll:token 0x600363c+0x7
TpTrace Warning: 0 : 15288, 1, 2021/08/04, 16:37:27.319, 2034682372318, vstest.console.dll, LoaderExceptions: System.IO.FileNotFoundException: Could not load file or assembly 'Microsoft.Bcl.AsyncInterfaces, Version=1.0.0.0, Culture=neutral, PublicKeyToken=cc7b13ffcd2ddd51'. The system cannot find the file specified.
File name: 'Microsoft.Bcl.AsyncInterfaces, Version=1.0.0.0, Culture=neutral, PublicKeyToken=cc7b13ffcd2ddd51'
 ---> System.IO.FileNotFoundException: Could not load file or assembly 'Microsoft.Bcl.AsyncInterfaces, Culture=neutral, PublicKeyToken=null'. The system cannot find the file specified.
File name: 'Microsoft.Bcl.AsyncInterfaces, Culture=neutral, PublicKeyToken=null'
   at System.Reflection.RuntimeAssembly.InternalLoad(ObjectHandleOnStack assemblyName, ObjectHandleOnStack requestingAssembly, StackCrawlMarkHandle stackMark, Boolean throwOnFileNotFound, ObjectHandleOnStack assemblyLoadContext, ObjectHandleOnStack retAssembly) in System.Private.CoreLib.dll:token 0x6004e78+0x8
   at System.Reflection.RuntimeAssembly.InternalLoad(AssemblyName assemblyName, RuntimeAssembly requestingAssembly, StackCrawlMark& stackMark, Boolean throwOnFileNotFound, AssemblyLoadContext assemblyLoadContext) in System.Private.CoreLib.dll:token 0x6004e77+0x16
   at System.Reflection.Assembly.Load(AssemblyName assemblyRef) in System.Private.CoreLib.dll:token 0x6004c6e+0xe
   at Microsoft.VisualStudio.TestPlatform.Common.ExtensionFramework.TestPluginCache.CurrentDomainAssemblyResolve(Object sender, AssemblyResolveEventArgs args) in Microsoft.VisualStudio.TestPlatform.Common.dll:token 0x60001a9+0x64
   at Microsoft.VisualStudio.TestPlatform.PlatformAbstractions.PlatformAssemblyResolver.AssemblyResolverEvent(Object sender, Object eventArgs) in Microsoft.TestPlatform.PlatformAbstractions.dll:token 0x600004a+0x1c
   at System.Runtime.Loader.AssemblyLoadContext.GetFirstResolvedAssemblyFromResolvingEvent(AssemblyName assemblyName) in System.Private.CoreLib.dll:token 0x6003678+0x24
   at System.Runtime.Loader.AssemblyLoadContext.ResolveUsingEvent(AssemblyName assemblyName) in System.Private.CoreLib.dll:token 0x600367b+0x7
   at System.Runtime.Loader.AssemblyLoadContext.ResolveUsingResolvingEvent(IntPtr gchManagedAssemblyLoadContext, AssemblyName assemblyName) in System.Private.CoreLib.dll:token 0x600363c+0x7
TpTrace Information: 0 : 15288, 1, 2021/08/04, 16:37:27.319, 2034682373458, vstest.console.dll, AssemblyResolver.OnResolve: Microsoft.TestPlatform.Extensions.BlameDataCollector: Resolving assembly.
TpTrace Information: 0 : 15288, 1, 2021/08/04, 16:37:27.319, 2034682373925, vstest.console.dll, AssemblyResolver.OnResolve: Microsoft.TestPlatform.Extensions.BlameDataCollector: Searching in: 'C:\Program Files\dotnet\sdk\6.0.100-preview.6.21355.2\Extensions'.
TpTrace Information: 0 : 15288, 1, 2021/08/04, 16:37:27.322, 2034682401697, vstest.console.dll, AssemblyResolver.OnResolve: Microsoft.TestPlatform.Extensions.BlameDataCollector: Loading assembly 'C:\Program Files\dotnet\sdk\6.0.100-preview.6.21355.2\Extensions\Microsoft.TestPlatform.Extensions.BlameDataCollector.dll'.
TpTrace Information: 0 : 15288, 1, 2021/08/04, 16:37:27.324, 2034682422636, vstest.console.dll, AssemblyResolver.OnResolve: Resolved assembly: Microsoft.TestPlatform.Extensions.BlameDataCollector, from path: C:\Program Files\dotnet\sdk\6.0.100-preview.6.21355.2\Extensions\Microsoft.TestPlatform.Extensions.BlameDataCollector.dll
TpTrace Information: 0 : 15288, 1, 2021/08/04, 16:37:27.325, 2034682430307, vstest.console.dll, AssemblyResolver.OnResolve: Microsoft.TestPlatform.Extensions.EventLogCollector: Resolving assembly.
TpTrace Information: 0 : 15288, 1, 2021/08/04, 16:37:27.325, 2034682430976, vstest.console.dll, AssemblyResolver.OnResolve: Microsoft.TestPlatform.Extensions.EventLogCollector: Searching in: 'C:\Program Files\dotnet\sdk\6.0.100-preview.6.21355.2\Extensions'.
TpTrace Information: 0 : 15288, 1, 2021/08/04, 16:37:27.326, 2034682443566, vstest.console.dll, AssemblyResolver.OnResolve: Microsoft.TestPlatform.Extensions.EventLogCollector: Loading assembly 'C:\Program Files\dotnet\sdk\6.0.100-preview.6.21355.2\Extensions\Microsoft.TestPlatform.Extensions.EventLogCollector.dll'.
TpTrace Information: 0 : 15288, 1, 2021/08/04, 16:37:27.328, 2034682461247, vstest.console.dll, AssemblyResolver.OnResolve: Resolved assembly: Microsoft.TestPlatform.Extensions.EventLogCollector, from path: C:\Program Files\dotnet\sdk\6.0.100-preview.6.21355.2\Extensions\Microsoft.TestPlatform.Extensions.EventLogCollector.dll
TpTrace Information: 0 : 15288, 1, 2021/08/04, 16:37:27.333, 2034682515420, vstest.console.dll, AssemblyResolver.OnResolve: Microsoft.TestPlatform.TestHostRuntimeProvider: Resolving assembly.
TpTrace Information: 0 : 15288, 1, 2021/08/04, 16:37:27.333, 2034682516366, vstest.console.dll, AssemblyResolver.OnResolve: Microsoft.TestPlatform.TestHostRuntimeProvider: Searching in: 'C:\Program Files\dotnet\sdk\6.0.100-preview.6.21355.2\Extensions'.
TpTrace Information: 0 : 15288, 1, 2021/08/04, 16:37:27.335, 2034682531582, vstest.console.dll, AssemblyResolver.OnResolve: Microsoft.TestPlatform.TestHostRuntimeProvider: Loading assembly 'C:\Program Files\dotnet\sdk\6.0.100-preview.6.21355.2\Extensions\Microsoft.TestPlatform.TestHostRuntimeProvider.dll'.
TpTrace Information: 0 : 15288, 1, 2021/08/04, 16:37:27.337, 2034682551191, vstest.console.dll, AssemblyResolver.OnResolve: Resolved assembly: Microsoft.TestPlatform.TestHostRuntimeProvider, from path: C:\Program Files\dotnet\sdk\6.0.100-preview.6.21355.2\Extensions\Microsoft.TestPlatform.TestHostRuntimeProvider.dll
TpTrace Information: 0 : 15288, 1, 2021/08/04, 16:37:27.338, 2034682561287, vstest.console.dll, AssemblyResolver.OnResolve: Microsoft.VisualStudio.TestPlatform.Extensions.Html.TestLogger: Resolving assembly.
TpTrace Information: 0 : 15288, 1, 2021/08/04, 16:37:27.338, 2034682561872, vstest.console.dll, AssemblyResolver.OnResolve: Microsoft.VisualStudio.TestPlatform.Extensions.Html.TestLogger: Searching in: 'C:\Program Files\dotnet\sdk\6.0.100-preview.6.21355.2\Extensions'.
TpTrace Information: 0 : 15288, 1, 2021/08/04, 16:37:27.339, 2034682575177, vstest.console.dll, AssemblyResolver.OnResolve: Microsoft.VisualStudio.TestPlatform.Extensions.Html.TestLogger: Loading assembly 'C:\Program Files\dotnet\sdk\6.0.100-preview.6.21355.2\Extensions\Microsoft.VisualStudio.TestPlatform.Extensions.Html.TestLogger.dll'.
TpTrace Information: 0 : 15288, 1, 2021/08/04, 16:37:27.341, 2034682593902, vstest.console.dll, AssemblyResolver.OnResolve: Resolved assembly: Microsoft.VisualStudio.TestPlatform.Extensions.Html.TestLogger, from path: C:\Program Files\dotnet\sdk\6.0.100-preview.6.21355.2\Extensions\Microsoft.VisualStudio.TestPlatform.Extensions.Html.TestLogger.dll
TpTrace Information: 0 : 15288, 1, 2021/08/04, 16:37:27.341, 2034682596856, vstest.console.dll, AssemblyResolver.OnResolve: Microsoft.VisualStudio.TestPlatform.Extensions.Trx.TestLogger: Resolving assembly.
TpTrace Information: 0 : 15288, 1, 2021/08/04, 16:37:27.341, 2034682597376, vstest.console.dll, AssemblyResolver.OnResolve: Microsoft.VisualStudio.TestPlatform.Extensions.Trx.TestLogger: Searching in: 'C:\Program Files\dotnet\sdk\6.0.100-preview.6.21355.2\Extensions'.
TpTrace Information: 0 : 15288, 1, 2021/08/04, 16:37:27.343, 2034682613341, vstest.console.dll, AssemblyResolver.OnResolve: Microsoft.VisualStudio.TestPlatform.Extensions.Trx.TestLogger: Loading assembly 'C:\Program Files\dotnet\sdk\6.0.100-preview.6.21355.2\Extensions\Microsoft.VisualStudio.TestPlatform.Extensions.Trx.TestLogger.dll'.
TpTrace Information: 0 : 15288, 1, 2021/08/04, 16:37:27.346, 2034682640518, vstest.console.dll, AssemblyResolver.OnResolve: Resolved assembly: Microsoft.VisualStudio.TestPlatform.Extensions.Trx.TestLogger, from path: C:\Program Files\dotnet\sdk\6.0.100-preview.6.21355.2\Extensions\Microsoft.VisualStudio.TestPlatform.Extensions.Trx.TestLogger.dll
TpTrace Verbose: 0 : 15288, 1, 2021/08/04, 16:37:27.347, 2034682650476, vstest.console.dll, TestPluginCache: Discovered the extensions using extension path ''.
TpTrace Verbose: 0 : 15288, 1, 2021/08/04, 16:37:27.347, 2034682651175, vstest.console.dll, TestPluginCache: Discoverers are ''.
TpTrace Verbose: 0 : 15288, 1, 2021/08/04, 16:37:27.347, 2034682651524, vstest.console.dll, TestPluginCache: Executors are ''.
TpTrace Verbose: 0 : 15288, 1, 2021/08/04, 16:37:27.347, 2034682651837, vstest.console.dll, TestPluginCache: Executors2 are ''.
TpTrace Verbose: 0 : 15288, 1, 2021/08/04, 16:37:27.347, 2034682652138, vstest.console.dll, TestPluginCache: Setting providers are ''.
TpTrace Verbose: 0 : 15288, 1, 2021/08/04, 16:37:27.347, 2034682652438, vstest.console.dll, TestPluginCache: Loggers are ''.
TpTrace Information: 0 : 15288, 1, 2021/08/04, 16:37:27.353, 2034682710959, vstest.console.dll, RunTestsArgumentProcessor:Execute: Test run is starting.
TpTrace Verbose: 0 : 15288, 1, 2021/08/04, 16:37:27.353, 2034682711905, vstest.console.dll, RunTestsArgumentProcessor:Execute: Queuing Test run.
TpTrace Information: 0 : 15288, 1, 2021/08/04, 16:37:27.353, 2034682713627, vstest.console.dll, TestRequestManager.RunTests: run tests started.
TpTrace Information: 0 : 15288, 1, 2021/08/04, 16:37:27.356, 2034682749097, vstest.console.dll, AssemblyMetadataProvider.GetFrameWork: Determined framework:'.NETCoreApp,Version=v6.0' for source: 'C:\Users\mhoque\source\repos\LiteObject\Demo.DDD.WithEFCore\Demo.DDD.WithEFCore.IntegrationTest\bin\Debug\net6.0\Demo.DDD.WithEFCore.IntegrationTest.dll'
TpTrace Information: 0 : 15288, 1, 2021/08/04, 16:37:27.357, 2034682750294, vstest.console.dll, Determined framework for all sources: .NETCoreApp,Version=v6.0
TpTrace Information: 0 : 15288, 1, 2021/08/04, 16:37:27.357, 2034682757202, vstest.console.dll, AssemblyMetadataProvider.GetArchitecture: Determined architecture:AnyCPU info for assembly: C:\Users\mhoque\source\repos\LiteObject\Demo.DDD.WithEFCore\Demo.DDD.WithEFCore.IntegrationTest\bin\Debug\net6.0\Demo.DDD.WithEFCore.IntegrationTest.dll
TpTrace Information: 0 : 15288, 1, 2021/08/04, 16:37:27.359, 2034682771967, vstest.console.dll, Determined platform for all sources: X64
TpTrace Information: 0 : 15288, 1, 2021/08/04, 16:37:27.362, 2034682800227, vstest.console.dll, Compatible sources list : 
TpTrace Information: 0 : 15288, 1, 2021/08/04, 16:37:27.362, 2034682802354, vstest.console.dll, C:\Users\mhoque\source\repos\LiteObject\Demo.DDD.WithEFCore\Demo.DDD.WithEFCore.IntegrationTest\bin\Debug\net6.0\Demo.DDD.WithEFCore.IntegrationTest.dll
TpTrace Information: 0 : 15288, 1, 2021/08/04, 16:37:27.365, 2034682832607, vstest.console.dll, InferRunSettingsHelper.IsTestSettingsEnabled: Unable to navigate to RunSettings/MSTest. Current node: RunSettings
TpTrace Information: 0 : 15288, 1, 2021/08/04, 16:37:27.366, 2034682839908, vstest.console.dll, AssemblyResolver.OnResolve: Microsoft.VisualStudio.TestPlatform.Fakes: Resolving assembly.
TpTrace Information: 0 : 15288, 1, 2021/08/04, 16:37:27.366, 2034682840632, vstest.console.dll, AssemblyResolver.OnResolve: Microsoft.VisualStudio.TestPlatform.Fakes: Searching in: 'C:\Program Files\dotnet\sdk\6.0.100-preview.6.21355.2\Extensions'.
TpTrace Information: 0 : 15288, 1, 2021/08/04, 16:37:27.366, 2034682843885, vstest.console.dll, AssemblyResolver.OnResolve: Microsoft.VisualStudio.TestPlatform.Fakes: Assembly path does not exist: 'C:\Program Files\dotnet\sdk\6.0.100-preview.6.21355.2\Extensions\Microsoft.VisualStudio.TestPlatform.Fakes.dll', returning.
TpTrace Information: 0 : 15288, 1, 2021/08/04, 16:37:27.366, 2034682846007, vstest.console.dll, AssemblyResolver.OnResolve: Microsoft.VisualStudio.TestPlatform.Fakes: Assembly path does not exist: 'C:\Program Files\dotnet\sdk\6.0.100-preview.6.21355.2\Extensions\Microsoft.VisualStudio.TestPlatform.Fakes.exe', returning.
TpTrace Information: 0 : 15288, 1, 2021/08/04, 16:37:27.366, 2034682846472, vstest.console.dll, AssemblyResolver.OnResolve: Microsoft.VisualStudio.TestPlatform.Fakes: Searching in: 'C:\Program Files\dotnet\sdk\6.0.100-preview.6.21355.2'.
TpTrace Information: 0 : 15288, 1, 2021/08/04, 16:37:27.366, 2034682848464, vstest.console.dll, AssemblyResolver.OnResolve: Microsoft.VisualStudio.TestPlatform.Fakes: Assembly path does not exist: 'C:\Program Files\dotnet\sdk\6.0.100-preview.6.21355.2\Microsoft.VisualStudio.TestPlatform.Fakes.dll', returning.
TpTrace Information: 0 : 15288, 1, 2021/08/04, 16:37:27.367, 2034682850506, vstest.console.dll, AssemblyResolver.OnResolve: Microsoft.VisualStudio.TestPlatform.Fakes: Assembly path does not exist: 'C:\Program Files\dotnet\sdk\6.0.100-preview.6.21355.2\Microsoft.VisualStudio.TestPlatform.Fakes.exe', returning.
TpTrace Information: 0 : 15288, 1, 2021/08/04, 16:37:27.367, 2034682850950, vstest.console.dll, AssemblyResolver.OnResolve: Microsoft.VisualStudio.TestPlatform.Fakes: Failed to load assembly.
TpTrace Information: 0 : 15288, 1, 2021/08/04, 16:37:27.367, 2034682853637, vstest.console.dll, Failed to load assembly Microsoft.VisualStudio.TestPlatform.Fakes, Version=17.0.0.0, Culture=neutral. Reason:System.IO.FileNotFoundException: Could not load file or assembly 'Microsoft.VisualStudio.TestPlatform.Fakes, Version=17.0.0.0, Culture=neutral, PublicKeyToken=null'. The system cannot find the file specified.
File name: 'Microsoft.VisualStudio.TestPlatform.Fakes, Version=17.0.0.0, Culture=neutral, PublicKeyToken=null'
   at System.Reflection.RuntimeAssembly.InternalLoad(ObjectHandleOnStack assemblyName, ObjectHandleOnStack requestingAssembly, StackCrawlMarkHandle stackMark, Boolean throwOnFileNotFound, ObjectHandleOnStack assemblyLoadContext, ObjectHandleOnStack retAssembly) in System.Private.CoreLib.dll:token 0x6004e78+0x8
   at System.Reflection.RuntimeAssembly.InternalLoad(AssemblyName assemblyName, RuntimeAssembly requestingAssembly, StackCrawlMark& stackMark, Boolean throwOnFileNotFound, AssemblyLoadContext assemblyLoadContext) in System.Private.CoreLib.dll:token 0x6004e77+0x16
   at System.Reflection.Assembly.Load(AssemblyName assemblyRef) in System.Private.CoreLib.dll:token 0x6004c6e+0xe
   at Microsoft.VisualStudio.TestPlatform.Common.Utilities.FakesUtilities.LoadTestPlatformAssembly() in Microsoft.VisualStudio.TestPlatform.Common.dll:token 0x600007c+0xa
TpTrace Verbose: 0 : 15288, 1, 2021/08/04, 16:37:27.368, 2034682865589, vstest.console.dll, TestPluginCache: Update extensions started. Skip filter = False
TpTrace Verbose: 0 : 15288, 1, 2021/08/04, 16:37:27.368, 2034682867912, vstest.console.dll, TestPluginCache: Using directories for assembly resolution 'C:\Users\mhoque\.nuget\packages\coverlet.collector\3.0.3\build\netstandard1.0'.
TpTrace Verbose: 0 : 15288, 1, 2021/08/04, 16:37:27.368, 2034682868463, vstest.console.dll, TestPluginCache: Updated the available extensions to 'C:\Users\mhoque\.nuget\packages\coverlet.collector\3.0.3\build\netstandard1.0\coverlet.collector.dll'.
TpTrace Verbose: 0 : 15288, 1, 2021/08/04, 16:37:27.374, 2034682922199, vstest.console.dll, TestPluginCache: Update extensions started. Skip filter = False
TpTrace Verbose: 0 : 15288, 1, 2021/08/04, 16:37:27.374, 2034682923426, vstest.console.dll, TestPluginCache: Using directories for assembly resolution 'C:\Users\mhoque\.nuget\packages\microsoft.codecoverage\16.10.0\build\netstandard1.0,C:\Users\mhoque\.nuget\packages\coverlet.collector\3.0.3\build\netstandard1.0'.
TpTrace Verbose: 0 : 15288, 1, 2021/08/04, 16:37:27.374, 2034682923933, vstest.console.dll, TestPluginCache: Updated the available extensions to 'C:\Users\mhoque\.nuget\packages\microsoft.codecoverage\16.10.0\build\netstandard1.0\Microsoft.VisualStudio.TraceDataCollector.dll,C:\Users\mhoque\.nuget\packages\coverlet.collector\3.0.3\build\netstandard1.0\coverlet.collector.dll'.
TpTrace Information: 0 : 15288, 1, 2021/08/04, 16:37:27.385, 2034683031333, vstest.console.dll, TestPluginManager.CreateTestExtension: Attempting to load test extension: Microsoft.VisualStudio.TestPlatform.CrossPlatEngine.Hosting.DefaultTestHostManager
TpTrace Information: 0 : 15288, 1, 2021/08/04, 16:37:27.385, 2034683034254, vstest.console.dll, TestPluginManager.CreateTestExtension: Attempting to load test extension: Microsoft.VisualStudio.TestPlatform.CrossPlatEngine.Hosting.DotnetTestHostManager
TpTrace Verbose: 0 : 15288, 1, 2021/08/04, 16:37:27.386, 2034683040139, vstest.console.dll, TestEngine: Initializing Parallel Execution as MaxCpuCount is set to: 1
TpTrace Information: 0 : 15288, 1, 2021/08/04, 16:37:27.386, 2034683045005, vstest.console.dll, InferRunSettingsHelper.IsTestSettingsEnabled: Unable to navigate to RunSettings/MSTest. Current node: RunSettings
TpTrace Verbose: 0 : 15288, 1, 2021/08/04, 16:37:27.409, 2034683273967, vstest.console.dll, TestRequestSender is acting as server
TpTrace Verbose: 0 : 15288, 5, 2021/08/04, 16:37:27.413, 2034683311411, vstest.console.dll, DataCollectionRequestSender.InitializeCommunication : Initialize communication. 
TpTrace Information: 0 : 15288, 5, 2021/08/04, 16:37:27.427, 2034683457067, vstest.console.dll, Listening on Endpoint : 127.0.0.1:57036
TpTrace Verbose: 0 : 15288, 5, 2021/08/04, 16:37:27.438, 2034683567486, vstest.console.dll, DotnetDataCollectionLauncher: Full path of dotnet.exe is C:\Program Files\dotnet\dotnet.exe
TpTrace Verbose: 0 : 15288, 5, 2021/08/04, 16:37:27.439, 2034683573790, vstest.console.dll, DotnetDataCollectionLauncher: Adding  --runtimeconfig "C:\Program Files\dotnet\sdk\6.0.100-preview.6.21355.2\datacollector.runtimeconfig.json" in args
TpTrace Verbose: 0 : 15288, 5, 2021/08/04, 16:37:27.439, 2034683578643, vstest.console.dll, DotnetDataCollectionLauncher: Adding  --depsfile "C:\Program Files\dotnet\sdk\6.0.100-preview.6.21355.2\datacollector.deps.json" in args
TpTrace Information: 0 : 15288, 5, 2021/08/04, 16:37:27.461, 2034683795450, vstest.console.dll, ProxyDataCollectionManager.Initialize: Launched datacollector processId: 14088 port: 57036
TpTrace Information: 0 : 15288, 5, 2021/08/04, 16:37:27.461, 2034683796664, vstest.console.dll, ProxyDataCollectionManager.Initialize: waiting for connection with timeout: 90 seconds
TpTrace Verbose: 0 : 15288, 5, 2021/08/04, 16:37:27.461, 2034683797156, vstest.console.dll, DataCollectionRequestSender.WaitForRequestHandlerConnection : Waiting for connection with timeout: 90000
TpTrace Information: 0 : 15288, 8, 2021/08/04, 16:37:27.924, 2034688425819, vstest.console.dll, Using the buffer size of 16384 bytes
TpTrace Verbose: 0 : 15288, 5, 2021/08/04, 16:37:27.924, 2034688426635, vstest.console.dll, ProxyDataCollectionManager.InvokeDataCollectionServiceAction: Starting.
TpTrace Information: 0 : 15288, 8, 2021/08/04, 16:37:27.924, 2034688427252, vstest.console.dll, Accepted Client request and set the flag
TpTrace Information: 0 : 15288, 5, 2021/08/04, 16:37:27.924, 2034688428959, vstest.console.dll, ProxyDataCollectionManager.BeforeTestRunStart: Get environment variable and port for datacollector processId: 14088 port: 57036
TpTrace Verbose: 0 : 15288, 5, 2021/08/04, 16:37:27.925, 2034688430755, vstest.console.dll, DataCollectionRequestSender.SendBeforeTestRunStartAndGetResult : Send BeforeTestRunStart message with settingsXml <RunSettings><MaxCpuCount>2</MaxCpuCount><ResultsDirectory>.\TestResults</ResultsDirectory><TestSessionTimeout>10000</TestSessionTimeout><TreatNoTestsAsError>true</TreatNoTestsAsError><DataCollectionRunSettings><DataCollectors><DataCollector uri="datacollector://microsoft/CodeCoverage/2.0" friendlyName="Code Coverage" enabled="True"><Configuration><CodeCoverage><ModulePaths><Exclude><ModulePath>.*CPPUnitTestFramework.*</ModulePath></Exclude></ModulePaths><UseVerifiableInstrumentation>True</UseVerifiableInstrumentation><AllowLowIntegrityProcesses>True</AllowLowIntegrityProcesses><CollectFromChildProcesses>True</CollectFromChildProcesses><CollectAspDotNet>False</CollectAspDotNet></CodeCoverage></Configuration></DataCollector><DataCollector uri="datacollector://microsoft/VideoRecorder/1.0" assemblyQualifiedName="Microsoft.VisualStudio.TestTools.DataCollection.VideoRecorder.VideoRecorderDataCollector, Microsoft.VisualStudio.TestTools.DataCollection.VideoRecorder, Version=15.0.0.0, Culture=neutral, PublicKeyToken=b03f5f7f11d50a3a" friendlyName="Screen and Voice Recorder" enabled="True"><Configuration><MediaRecorder sendRecordedMediaForPassedTestCase="true">						​
						<ScreenCaptureVideo bitRate="512" frameRate="2" quality="50" />​
					</MediaRecorder>​
				</Configuration></DataCollector><DataCollector friendlyName="blame" enabled="True" /><DataCollector friendlyName="XPlat Code Coverage" enabled="True" /></DataCollectors></DataCollectionRunSettings><TestRunParameters><Parameter name="webAppUrl" value="http://localhost" /><Parameter name="webAppUserName" value="Admin" /><Parameter name="webAppPassword" value="Password" /></TestRunParameters><LoggerRunSettings><Loggers><Logger friendlyName="console" assemblyQualifiedName="Microsoft.VisualStudio.TestPlatform.CommandLine.Internal.ConsoleLogger, vstest.console, Version=15.0.0.0, Culture=neutral, PublicKeyToken=b03f5f7f11d50a3a" codeBase="C:\Program Files\dotnet\sdk\6.0.100-preview.6.21355.2\vstest.console.dll" enabled="True"><Configuration><Verbosity>quiet</Verbosity></Configuration></Logger></Loggers></LoggerRunSettings><RunSettingsDirectory>C:\Users\mhoque\source\repos\LiteObject\Demo.DDD.WithEFCore\Demo.DDD.WithEFCore.IntegrationTest</RunSettingsDirectory><RunConfiguration><ResultsDirectory>C:\Users\mhoque\source\repos\LiteObject\Demo.DDD.WithEFCore\Demo.DDD.WithEFCore.IntegrationTest\TestResults</ResultsDirectory><TargetPlatform>X64</TargetPlatform><TargetFrameworkVersion>.NETCoreApp,Version=v6.0</TargetFrameworkVersion><TestAdaptersPaths>C:\Users\mhoque\.nuget\packages\coverlet.collector\3.0.3\build\netstandard1.0\;C:\Users\mhoque\.nuget\packages\microsoft.codecoverage\16.10.0\build\netstandard1.0\;C:\Program Files\dotnet\sdk\6.0.100-preview.6.21355.2\Extensions</TestAdaptersPaths><DesignMode>False</DesignMode><CollectSourceInformation>False</CollectSourceInformation></RunConfiguration><InProcDataCollectionRunSettings><InProcDataCollectors><InProcDataCollector assemblyQualifiedName="Coverlet.Collector.DataCollection.CoverletInProcDataCollector, coverlet.collector, Version=1.0.0.0, Culture=neutral, PublicKeyToken=null" friendlyName="XPlat Code Coverage" enabled="True" codebase="C:\Users\mhoque\.nuget\packages\coverlet.collector\3.0.3\build\netstandard1.0\coverlet.collector.dll" /></InProcDataCollectors></InProcDataCollectionRunSettings></RunSettings> and sources System.Linq.Enumerable+Concat2Iterator`1[System.String]: 
TpTrace Verbose: 0 : 15288, 5, 2021/08/04, 16:37:28.021, 2034689396179, vstest.console.dll, DataCollectionRequestSender.SendBeforeTestRunStartAndGetResult : Received message: (DataCollection.SendMessage) -> {
  "FriendlyName": null,
  "Uri": null,
  "TestCaseId": "00000000-0000-0000-0000-000000000000",
  "Message": "Logging DataCollector Diagnostics in file: C:\\Users\\mhoque\\source\\repos\\LiteObject\\Demo.DDD.WithEFCore\\Demo.DDD.WithEFCore.IntegrationTest\\log.datacollector.21-08-04_16-37-27_43437_5.txt",
  "Level": 0
}
TpTrace Verbose: 0 : 15288, 5, 2021/08/04, 16:37:28.263, 2034691816819, vstest.console.dll, DataCollectionRequestSender.SendBeforeTestRunStartAndGetResult : Received message: (DataCollection.SendMessage) -> {
  "FriendlyName": null,
  "Uri": null,
  "TestCaseId": "00000000-0000-0000-0000-000000000000",
  "Message": "Unable to find a datacollector with friendly name 'Screen and Voice Recorder'.",
  "Level": 1
}
TpTrace Verbose: 0 : 15288, 5, 2021/08/04, 16:37:28.263, 2034691819048, vstest.console.dll, DataCollectionRequestSender.SendBeforeTestRunStartAndGetResult : Received message: (DataCollection.SendMessage) -> {
  "FriendlyName": null,
  "Uri": null,
  "TestCaseId": "00000000-0000-0000-0000-000000000000",
  "Message": "Could not find data collector 'Screen and Voice Recorder'",
  "Level": 1
}
TpTrace Verbose: 0 : 15288, 5, 2021/08/04, 16:37:29.093, 2034700112059, vstest.console.dll, DataCollectionRequestSender.SendBeforeTestRunStartAndGetResult : Received message: (DataCollection.BeforeTestRunStartResult) -> {
  "EnvironmentVariables": {
    "CODE_COVERAGE_SESSION_NAME": "add2ea73-f068-4272-8940-d969a63d68f4",
    "CODE_COVERAGE_PIPE_PATH": "C:\\Users\\mhoque\\AppData\\Local\\Temp\\add2ea73-f068-4272-8940-d969a63d68f4\\add2ea73-f068-4272-8940-d969a63d68f4",
    "CORECLR_ENABLE_PROFILING": "1",
    "CORECLR_PROFILER_PATH_64": "C:\\Users\\mhoque\\.nuget\\packages\\microsoft.codecoverage\\16.10.0\\build\\netstandard1.0\\InstrumentationEngine\\x64\\MicrosoftInstrumentationEngine_x64.dll",
    "CORECLR_PROFILER": "{324F817A-7420-4E6D-B3C1-143FBED6D855}",
    "CORECLR_PROFILER_PATH_32": "C:\\Users\\mhoque\\.nuget\\packages\\microsoft.codecoverage\\16.10.0\\build\\netstandard1.0\\InstrumentationEngine\\x86\\MicrosoftInstrumentationEngine_x86.dll",
    "VANGUARD_DOTNET_ADDITIONAL_DEPS": "C:\\Users\\mhoque\\AppData\\Local\\Temp\\add2ea73-f068-4272-8940-d969a63d68f4\\CodeCoverage.deps.json",
    "COR_ENABLE_PROFILING": "1",
    "COR_PROFILER_PATH_32": "C:\\Users\\mhoque\\.nuget\\packages\\microsoft.codecoverage\\16.10.0\\build\\netstandard1.0\\CodeCoverage\\covrun32.dll",
    "COR_PROFILER_PATH_64": "C:\\Users\\mhoque\\.nuget\\packages\\microsoft.codecoverage\\16.10.0\\build\\netstandard1.0\\CodeCoverage\\amd64\\covrun64.dll",
    "COR_PROFILER": "{E5F256DC-7959-4DD6-8E4F-C11150AB28E0}",
    "MicrosoftInstrumentationEngine_ConfigPath32_VanguardInstrumentationProfiler": "C:\\Users\\mhoque\\.nuget\\packages\\microsoft.codecoverage\\16.10.0\\build\\netstandard1.0\\CodeCoverage\\VanguardInstrumentationProfiler_x86.config",
    "MicrosoftInstrumentationEngine_ConfigPath64_VanguardInstrumentationProfiler": "C:\\Users\\mhoque\\.nuget\\packages\\microsoft.codecoverage\\16.10.0\\build\\netstandard1.0\\CodeCoverage\\amd64\\VanguardInstrumentationProfiler_x64.config",
    "MicrosoftInstrumentationEngine_DisableCodeSignatureValidation": "1"
  },
  "DataCollectionEventsPort": 57039
}
TpTrace Information: 0 : 15288, 5, 2021/08/04, 16:37:29.098, 2034700165813, vstest.console.dll, ProxyDataCollectionManager.BeforeTestRunStart: SendBeforeTestRunStartAndGetResult successful, env variable from datacollector: [CODE_COVERAGE_SESSION_NAME, add2ea73-f068-4272-8940-d969a63d68f4];[CODE_COVERAGE_PIPE_PATH, C:\Users\mhoque\AppData\Local\Temp\add2ea73-f068-4272-8940-d969a63d68f4\add2ea73-f068-4272-8940-d969a63d68f4];[CORECLR_ENABLE_PROFILING, 1];[CORECLR_PROFILER_PATH_64, C:\Users\mhoque\.nuget\packages\microsoft.codecoverage\16.10.0\build\netstandard1.0\InstrumentationEngine\x64\MicrosoftInstrumentationEngine_x64.dll];[CORECLR_PROFILER, {324F817A-7420-4E6D-B3C1-143FBED6D855}];[CORECLR_PROFILER_PATH_32, C:\Users\mhoque\.nuget\packages\microsoft.codecoverage\16.10.0\build\netstandard1.0\InstrumentationEngine\x86\MicrosoftInstrumentationEngine_x86.dll];[VANGUARD_DOTNET_ADDITIONAL_DEPS, C:\Users\mhoque\AppData\Local\Temp\add2ea73-f068-4272-8940-d969a63d68f4\CodeCoverage.deps.json];[COR_ENABLE_PROFILING, 1];[COR_PROFILER_PATH_32, C:\Users\mhoque\.nuget\packages\microsoft.codecoverage\16.10.0\build\netstandard1.0\CodeCoverage\covrun32.dll];[COR_PROFILER_PATH_64, C:\Users\mhoque\.nuget\packages\microsoft.codecoverage\16.10.0\build\netstandard1.0\CodeCoverage\amd64\covrun64.dll];[COR_PROFILER, {E5F256DC-7959-4DD6-8E4F-C11150AB28E0}];[MicrosoftInstrumentationEngine_ConfigPath32_VanguardInstrumentationProfiler, C:\Users\mhoque\.nuget\packages\microsoft.codecoverage\16.10.0\build\netstandard1.0\CodeCoverage\VanguardInstrumentationProfiler_x86.config];[MicrosoftInstrumentationEngine_ConfigPath64_VanguardInstrumentationProfiler, C:\Users\mhoque\.nuget\packages\microsoft.codecoverage\16.10.0\build\netstandard1.0\CodeCoverage\amd64\VanguardInstrumentationProfiler_x64.config];[MicrosoftInstrumentationEngine_DisableCodeSignatureValidation, 1]  and testhost port: 57039
TpTrace Information: 0 : 15288, 5, 2021/08/04, 16:37:29.098, 2034700167830, vstest.console.dll, ProxyDataCollectionManager.InvokeDataCollectionServiceAction: Completed.
TpTrace Verbose: 0 : 15288, 1, 2021/08/04, 16:37:29.098, 2034700170226, vstest.console.dll, TestRunRequest.ExecuteAsync: Creating test run request.
TpTrace Verbose: 0 : 15288, 1, 2021/08/04, 16:37:29.099, 2034700174794, vstest.console.dll, TestRunRequest.ExecuteAsync: Starting.
TpTrace Information: 0 : 15288, 1, 2021/08/04, 16:37:29.099, 2034700178312, vstest.console.dll, TestRunRequest.ExecuteAsync: Starting run with settings:TestRunCriteria:
   KeepAlive=False,FrequencyOfRunStatsChangeEvent=10,RunStatsChangeEventTimeout=00:00:01.5000000,TestCaseFilter=,TestExecutorLauncher=
   Settingsxml=<RunSettings>
  <MaxCpuCount>2</MaxCpuCount>
  <ResultsDirectory>.\TestResults</ResultsDirectory>
  <TestSessionTimeout>10000</TestSessionTimeout>
  <TreatNoTestsAsError>true</TreatNoTestsAsError>
  <DataCollectionRunSettings>
    <DataCollectors>
      <DataCollector uri="datacollector://microsoft/CodeCoverage/2.0" friendlyName="Code Coverage" enabled="True">
        <Configuration>
          <CodeCoverage>
            <ModulePaths>
              <Exclude>
                <ModulePath>.*CPPUnitTestFramework.*</ModulePath>
              </Exclude>
            </ModulePaths>
            <UseVerifiableInstrumentation>True</UseVerifiableInstrumentation>
            <AllowLowIntegrityProcesses>True</AllowLowIntegrityProcesses>
            <CollectFromChildProcesses>True</CollectFromChildProcesses>
            <CollectAspDotNet>False</CollectAspDotNet>
          </CodeCoverage>
        </Configuration>
      </DataCollector>
      <DataCollector uri="datacollector://microsoft/VideoRecorder/1.0" assemblyQualifiedName="Microsoft.VisualStudio.TestTools.DataCollection.VideoRecorder.VideoRecorderDataCollector, Microsoft.VisualStudio.TestTools.DataCollection.VideoRecorder, Version=15.0.0.0, Culture=neutral, PublicKeyToken=b03f5f7f11d50a3a" friendlyName="Screen and Voice Recorder" enabled="True">
        <Configuration>
          <MediaRecorder sendRecordedMediaForPassedTestCase="true">						​
						<ScreenCaptureVideo bitRate="512" frameRate="2" quality="50" />​
					</MediaRecorder>​
				</Configuration>
      </DataCollector>
      <DataCollector friendlyName="blame" enabled="True" />
      <DataCollector friendlyName="XPlat Code Coverage" enabled="True" />
    </DataCollectors>
  </DataCollectionRunSettings>
  <TestRunParameters>
    <Parameter name="webAppUrl" value="http://localhost" />
    <Parameter name="webAppUserName" value="Admin" />
    <Parameter name="webAppPassword" value="Password" />
  </TestRunParameters>
  <LoggerRunSettings>
    <Loggers>
      <Logger friendlyName="console" assemblyQualifiedName="Microsoft.VisualStudio.TestPlatform.CommandLine.Internal.ConsoleLogger, vstest.console, Version=15.0.0.0, Culture=neutral, PublicKeyToken=b03f5f7f11d50a3a" codeBase="C:\Program Files\dotnet\sdk\6.0.100-preview.6.21355.2\vstest.console.dll" enabled="True">
        <Configuration>
          <Verbosity>quiet</Verbosity>
        </Configuration>
      </Logger>
    </Loggers>
  </LoggerRunSettings>
  <RunSettingsDirectory>C:\Users\mhoque\source\repos\LiteObject\Demo.DDD.WithEFCore\Demo.DDD.WithEFCore.IntegrationTest</RunSettingsDirectory>
  <RunConfiguration>
    <ResultsDirectory>C:\Users\mhoque\source\repos\LiteObject\Demo.DDD.WithEFCore\Demo.DDD.WithEFCore.IntegrationTest\TestResults</ResultsDirectory>
    <TargetPlatform>X64</TargetPlatform>
    <TargetFrameworkVersion>.NETCoreApp,Version=v6.0</TargetFrameworkVersion>
    <TestAdaptersPaths>C:\Users\mhoque\.nuget\packages\coverlet.collector\3.0.3\build\netstandard1.0\;C:\Users\mhoque\.nuget\packages\microsoft.codecoverage\16.10.0\build\netstandard1.0\</TestAdaptersPaths>
    <DesignMode>False</DesignMode>
    <CollectSourceInformation>False</CollectSourceInformation>
  </RunConfiguration>
  <InProcDataCollectionRunSettings>
    <InProcDataCollectors>
      <InProcDataCollector assemblyQualifiedName="Coverlet.Collector.DataCollection.CoverletInProcDataCollector, coverlet.collector, Version=1.0.0.0, Culture=neutral, PublicKeyToken=null" friendlyName="XPlat Code Coverage" enabled="True" codebase="C:\Users\mhoque\.nuget\packages\coverlet.collector\3.0.3\build\netstandard1.0\coverlet.collector.dll" />
    </InProcDataCollectors>
  </InProcDataCollectionRunSettings>
</RunSettings>

TpTrace Verbose: 0 : 15288, 1, 2021/08/04, 16:37:29.099, 2034700179120, vstest.console.dll, TestRunRequest.ExecuteAsync: Wait for the first run request is over.
TpTrace Verbose: 0 : 15288, 1, 2021/08/04, 16:37:29.100, 2034700183505, vstest.console.dll, ParallelProxyExecutionManager: Start execution. Total sources: 1
TpTrace Information: 0 : 15288, 1, 2021/08/04, 16:37:29.100, 2034700188949, vstest.console.dll, ProxyParallelExecutionManager: Triggering test run for next source: C:\Users\mhoque\source\repos\LiteObject\Demo.DDD.WithEFCore\Demo.DDD.WithEFCore.IntegrationTest\bin\Debug\net6.0\Demo.DDD.WithEFCore.IntegrationTest.dll
TpTrace Verbose: 0 : 15288, 5, 2021/08/04, 16:37:29.101, 2034700191379, vstest.console.dll, ParallelProxyExecutionManager: Execution started. Started clients: 1
TpTrace Verbose: 0 : 15288, 1, 2021/08/04, 16:37:29.101, 2034700191858, vstest.console.dll, ProxyParallelExecutionManager: No sources available for execution.
TpTrace Information: 0 : 15288, 1, 2021/08/04, 16:37:29.101, 2034700192391, vstest.console.dll, TestRunRequest.ExecuteAsync: Started.
TpTrace Verbose: 0 : 15288, 1, 2021/08/04, 16:37:29.101, 2034700193527, vstest.console.dll, TestRunRequest.WaitForCompletion: Waiting with timeout -1.
TpTrace Verbose: 0 : 15288, 5, 2021/08/04, 16:37:29.101, 2034700195724, vstest.console.dll, TestRunRequest:SendTestRunMessage: Starting.
TpTrace Information: 0 : 15288, 5, 2021/08/04, 16:37:29.101, 2034700197211, vstest.console.dll, TestRunRequest:SendTestRunMessage: Completed.
TpTrace Verbose: 0 : 15288, 5, 2021/08/04, 16:37:29.101, 2034700197980, vstest.console.dll, TestRunRequest:SendTestRunMessage: Starting.
TpTrace Information: 0 : 15288, 5, 2021/08/04, 16:37:29.101, 2034700198567, vstest.console.dll, TestRunRequest:SendTestRunMessage: Completed.
TpTrace Verbose: 0 : 15288, 5, 2021/08/04, 16:37:29.101, 2034700199098, vstest.console.dll, TestRunRequest:SendTestRunMessage: Starting.
TpTrace Information: 0 : 15288, 5, 2021/08/04, 16:37:29.101, 2034700199536, vstest.console.dll, TestRunRequest:SendTestRunMessage: Completed.
TpTrace Verbose: 0 : 15288, 5, 2021/08/04, 16:37:29.102, 2034700202257, vstest.console.dll, ProxyExecutionManager: Test host is always Lazy initialize.
TpTrace Verbose: 0 : 15288, 5, 2021/08/04, 16:37:29.102, 2034700205171, vstest.console.dll, TestRequestSender.InitializeCommunication: initialize communication. 
TpTrace Information: 0 : 15288, 5, 2021/08/04, 16:37:29.103, 2034700212516, vstest.console.dll, SocketServer.Start: Listening on endpoint : 127.0.0.1:57040
TpTrace Verbose: 0 : 15288, 5, 2021/08/04, 16:37:29.104, 2034700225681, vstest.console.dll, DotnetTestHostmanager: Adding  --runtimeconfig "C:\Users\mhoque\source\repos\LiteObject\Demo.DDD.WithEFCore\Demo.DDD.WithEFCore.IntegrationTest\bin\Debug\net6.0\Demo.DDD.WithEFCore.IntegrationTest.runtimeconfig.json" in args
TpTrace Verbose: 0 : 15288, 5, 2021/08/04, 16:37:29.105, 2034700230797, vstest.console.dll, DotnetTestHostmanager: Adding  --depsfile "C:\Users\mhoque\source\repos\LiteObject\Demo.DDD.WithEFCore\Demo.DDD.WithEFCore.IntegrationTest\bin\Debug\net6.0\Demo.DDD.WithEFCore.IntegrationTest.deps.json" in args
TpTrace Verbose: 0 : 15288, 5, 2021/08/04, 16:37:29.105, 2034700237638, vstest.console.dll, DotnetTestHostManager: Testhost.exe/testhost.x86.exe found at path: C:\Users\mhoque\source\repos\LiteObject\Demo.DDD.WithEFCore\Demo.DDD.WithEFCore.IntegrationTest\bin\Debug\net6.0\testhost.exe
TpTrace Verbose: 0 : 15288, 5, 2021/08/04, 16:37:29.105, 2034700238273, vstest.console.dll, DotnetTestHostmanager: Full path of host exe is C:\Users\mhoque\source\repos\LiteObject\Demo.DDD.WithEFCore\Demo.DDD.WithEFCore.IntegrationTest\bin\Debug\net6.0\testhost.exe
TpTrace Verbose: 0 : 15288, 7, 2021/08/04, 16:37:29.106, 2034700246586, vstest.console.dll, DotnetTestHostManager: Starting process 'C:\Users\mhoque\source\repos\LiteObject\Demo.DDD.WithEFCore\Demo.DDD.WithEFCore.IntegrationTest\bin\Debug\net6.0\testhost.exe' with command line ' --runtimeconfig "C:\Users\mhoque\source\repos\LiteObject\Demo.DDD.WithEFCore\Demo.DDD.WithEFCore.IntegrationTest\bin\Debug\net6.0\Demo.DDD.WithEFCore.IntegrationTest.runtimeconfig.json" --depsfile "C:\Users\mhoque\source\repos\LiteObject\Demo.DDD.WithEFCore\Demo.DDD.WithEFCore.IntegrationTest\bin\Debug\net6.0\Demo.DDD.WithEFCore.IntegrationTest.deps.json" --port 57040 --endpoint 127.0.0.1:057040 --role client --parentprocessid 15288 --diag "C:\Users\mhoque\source\repos\LiteObject\Demo.DDD.WithEFCore\Demo.DDD.WithEFCore.IntegrationTest\log.host.21-08-04_16-37-29_10366_5.txt" --tracelevel 4 --datacollectionport 57039 --telemetryoptedin false'
TpTrace Verbose: 0 : 15288, 7, 2021/08/04, 16:37:29.119, 2034700372403, vstest.console.dll, Test Runtime launched
TpTrace Verbose: 0 : 15288, 5, 2021/08/04, 16:37:29.120, 2034700383864, vstest.console.dll, TestRequestSender.WaitForRequestHandlerConnection: waiting for connection with timeout: 90000
TpTrace Verbose: 0 : 15288, 7, 2021/08/04, 16:37:29.919, 2034708371804, vstest.console.dll, SocketServer.OnClientConnected: Client connected for endPoint: 127.0.0.1:57040, starting MessageLoopAsync:
TpTrace Verbose: 0 : 15288, 14, 2021/08/04, 16:37:29.919, 2034708374901, vstest.console.dll, TcpClientExtensions.MessageLoopAsync: Polling on remoteEndPoint: 127.0.0.1:57041 localEndPoint: 127.0.0.1:57040
TpTrace Verbose: 0 : 15288, 14, 2021/08/04, 16:37:30.136, 2034710550091, vstest.console.dll, TcpClientExtensions.MessageLoopAsync: NotifyDataAvailable remoteEndPoint: 127.0.0.1:57041 localEndPoint: 127.0.0.1:57040
TpTrace Verbose: 0 : 15288, 14, 2021/08/04, 16:37:30.137, 2034710552691, vstest.console.dll, TestRequestSender.CheckVersionWithTestHost: onMessageReceived received message: (ProtocolVersion) -> 5
TpTrace Verbose: 0 : 15288, 14, 2021/08/04, 16:37:30.137, 2034710556202, vstest.console.dll, TcpClientExtensions.MessageLoopAsync: Polling on remoteEndPoint: 127.0.0.1:57041 localEndPoint: 127.0.0.1:57040
TpTrace Verbose: 0 : 15288, 5, 2021/08/04, 16:37:30.137, 2034710558119, vstest.console.dll, TestPluginCache.GetExtensionPaths: Filtered extension paths: 
TpTrace Verbose: 0 : 15288, 5, 2021/08/04, 16:37:30.137, 2034710558898, vstest.console.dll, TestPluginCache.GetExtensionPaths: Added default extension paths: C:\Program Files\dotnet\sdk\6.0.100-preview.6.21355.2\Extensions\Microsoft.Diagnostics.NETCore.Client.dll
C:\Program Files\dotnet\sdk\6.0.100-preview.6.21355.2\Extensions\Microsoft.TestPlatform.Extensions.BlameDataCollector.dll
C:\Program Files\dotnet\sdk\6.0.100-preview.6.21355.2\Extensions\Microsoft.TestPlatform.Extensions.EventLogCollector.dll
C:\Program Files\dotnet\sdk\6.0.100-preview.6.21355.2\Extensions\Microsoft.TestPlatform.TestHostRuntimeProvider.dll
C:\Program Files\dotnet\sdk\6.0.100-preview.6.21355.2\Extensions\Microsoft.VisualStudio.TestPlatform.Extensions.Html.TestLogger.dll
C:\Program Files\dotnet\sdk\6.0.100-preview.6.21355.2\Extensions\Microsoft.VisualStudio.TestPlatform.Extensions.Trx.TestLogger.dll
TpTrace Verbose: 0 : 15288, 5, 2021/08/04, 16:37:30.137, 2034710559582, vstest.console.dll, TestPluginCache.GetExtensionPaths: Added unfilterableExtensionPaths: 
TpTrace Verbose: 0 : 15288, 5, 2021/08/04, 16:37:30.145, 2034710632893, vstest.console.dll, TestRequestSender.InitializeExecution: Sending initializing execution with message: {"Version":5,"MessageType":"TestExecution.Initialize","Payload":["C:\\Users\\mhoque\\source\\repos\\LiteObject\\Demo.DDD.WithEFCore\\Demo.DDD.WithEFCore.IntegrationTest\\bin\\Debug\\net6.0\\xunit.runner.visualstudio.dotnetcore.testadapter.dll"]}
TpTrace Verbose: 0 : 15288, 14, 2021/08/04, 16:37:30.151, 2034710694150, vstest.console.dll, TcpClientExtensions.MessageLoopAsync: NotifyDataAvailable remoteEndPoint: 127.0.0.1:57041 localEndPoint: 127.0.0.1:57040
TpTrace Verbose: 0 : 15288, 14, 2021/08/04, 16:37:30.151, 2034710696090, vstest.console.dll, TestRequestSender.OnExecutionMessageReceived: Received message: {"Version":5,"MessageType":"TestSession.Message","Payload":{"MessageLevel":0,"Message":"Logging TestHost Diagnostics in file: C:\\Users\\mhoque\\source\\repos\\LiteObject\\Demo.DDD.WithEFCore\\Demo.DDD.WithEFCore.IntegrationTest\\log.host.21-08-04_16-37-29_10366_5.txt"}}
TpTrace Verbose: 0 : 15288, 5, 2021/08/04, 16:37:30.153, 2034710721313, vstest.console.dll, TestRequestSender.StartTestRun: Sending test run with message: {"Version":5,"MessageType":"TestExecution.StartWithSources","Payload":{"AdapterSourceMap":{"_none_":["C:\\Users\\mhoque\\source\\repos\\LiteObject\\Demo.DDD.WithEFCore\\Demo.DDD.WithEFCore.IntegrationTest\\bin\\Debug\\net6.0\\Demo.DDD.WithEFCore.IntegrationTest.dll"]},"RunSettings":"<RunSettings>\r\n  <MaxCpuCount>2</MaxCpuCount>\r\n  <ResultsDirectory>.\\TestResults</ResultsDirectory>\r\n  <TestSessionTimeout>10000</TestSessionTimeout>\r\n  <TreatNoTestsAsError>true</TreatNoTestsAsError>\r\n  <DataCollectionRunSettings>\r\n    <DataCollectors>\r\n      <DataCollector uri=\"datacollector://microsoft/CodeCoverage/2.0\" friendlyName=\"Code Coverage\" enabled=\"True\">\r\n        <Configuration>\r\n          <CodeCoverage>\r\n            <ModulePaths>\r\n              <Exclude>\r\n                <ModulePath>.*CPPUnitTestFramework.*</ModulePath>\r\n              </Exclude>\r\n            </ModulePaths>\r\n            <UseVerifiableInstrumentation>True</UseVerifiableInstrumentation>\r\n            <AllowLowIntegrityProcesses>True</AllowLowIntegrityProcesses>\r\n            <CollectFromChildProcesses>True</CollectFromChildProcesses>\r\n            <CollectAspDotNet>False</CollectAspDotNet>\r\n          </CodeCoverage>\r\n        </Configuration>\r\n      </DataCollector>\r\n      <DataCollector uri=\"datacollector://microsoft/VideoRecorder/1.0\" assemblyQualifiedName=\"Microsoft.VisualStudio.TestTools.DataCollection.VideoRecorder.VideoRecorderDataCollector, Microsoft.VisualStudio.TestTools.DataCollection.VideoRecorder, Version=15.0.0.0, Culture=neutral, PublicKeyToken=b03f5f7f11d50a3a\" friendlyName=\"Screen and Voice Recorder\" enabled=\"True\">\r\n        <Configuration>\r\n          <MediaRecorder sendRecordedMediaForPassedTestCase=\"true\">\t\t\t\t\t\t​\r\n\t\t\t\t\t\t<ScreenCaptureVideo bitRate=\"512\" frameRate=\"2\" quality=\"50\" />​\r\n\t\t\t\t\t</MediaRecorder>​\r\n\t\t\t\t</Configuration>\r\n      </DataCollector>\r\n      <DataCollector friendlyName=\"blame\" enabled=\"True\" />\r\n      <DataCollector friendlyName=\"XPlat Code Coverage\" enabled=\"True\" />\r\n    </DataCollectors>\r\n  </DataCollectionRunSettings>\r\n  <TestRunParameters>\r\n    <Parameter name=\"webAppUrl\" value=\"http://localhost\" />\r\n    <Parameter name=\"webAppUserName\" value=\"Admin\" />\r\n    <Parameter name=\"webAppPassword\" value=\"Password\" />\r\n  </TestRunParameters>\r\n  <LoggerRunSettings>\r\n    <Loggers>\r\n      <Logger friendlyName=\"console\" assemblyQualifiedName=\"Microsoft.VisualStudio.TestPlatform.CommandLine.Internal.ConsoleLogger, vstest.console, Version=15.0.0.0, Culture=neutral, PublicKeyToken=b03f5f7f11d50a3a\" codeBase=\"C:\\Program Files\\dotnet\\sdk\\6.0.100-preview.6.21355.2\\vstest.console.dll\" enabled=\"True\">\r\n        <Configuration>\r\n          <Verbosity>quiet</Verbosity>\r\n        </Configuration>\r\n      </Logger>\r\n    </Loggers>\r\n  </LoggerRunSettings>\r\n  <RunSettingsDirectory>C:\\Users\\mhoque\\source\\repos\\LiteObject\\Demo.DDD.WithEFCore\\Demo.DDD.WithEFCore.IntegrationTest</RunSettingsDirectory>\r\n  <RunConfiguration>\r\n    <ResultsDirectory>C:\\Users\\mhoque\\source\\repos\\LiteObject\\Demo.DDD.WithEFCore\\Demo.DDD.WithEFCore.IntegrationTest\\TestResults</ResultsDirectory>\r\n    <TargetPlatform>X64</TargetPlatform>\r\n    <TargetFrameworkVersion>.NETCoreApp,Version=v6.0</TargetFrameworkVersion>\r\n    <TestAdaptersPaths>C:\\Users\\mhoque\\.nuget\\packages\\coverlet.collector\\3.0.3\\build\\netstandard1.0\\;C:\\Users\\mhoque\\.nuget\\packages\\microsoft.codecoverage\\16.10.0\\build\\netstandard1.0\\</TestAdaptersPaths>\r\n    <DesignMode>False</DesignMode>\r\n    <CollectSourceInformation>False</CollectSourceInformation>\r\n  </RunConfiguration>\r\n  <InProcDataCollectionRunSettings>\r\n    <InProcDataCollectors>\r\n      <InProcDataCollector assemblyQualifiedName=\"Coverlet.Collector.DataCollection.CoverletInProcDataCollector, coverlet.collector, Version=1.0.0.0, Culture=neutral, PublicKeyToken=null\" friendlyName=\"XPlat Code Coverage\" enabled=\"True\" codebase=\"C:\\Users\\mhoque\\.nuget\\packages\\coverlet.collector\\3.0.3\\build\\netstandard1.0\\coverlet.collector.dll\" />\r\n    </InProcDataCollectors>\r\n  </InProcDataCollectionRunSettings>\r\n</RunSettings>","TestExecutionContext":{"FrequencyOfRunStatsChangeEvent":10,"RunStatsChangeEventTimeout":"00:00:01.5000000","InIsolation":false,"KeepAlive":false,"AreTestCaseLevelEventsRequired":false,"IsDebug":false,"TestCaseFilter":null,"FilterOptions":null},"Package":null}}
TpTrace Verbose: 0 : 15288, 14, 2021/08/04, 16:37:30.154, 2034710727014, vstest.console.dll, TestRunRequest:SendTestRunMessage: Starting.
TpTrace Information: 0 : 15288, 14, 2021/08/04, 16:37:30.154, 2034710728250, vstest.console.dll, TestRunRequest:SendTestRunMessage: Completed.
TpTrace Verbose: 0 : 15288, 14, 2021/08/04, 16:37:30.154, 2034710729134, vstest.console.dll, TcpClientExtensions.MessageLoopAsync: Polling on remoteEndPoint: 127.0.0.1:57041 localEndPoint: 127.0.0.1:57040
TpTrace Verbose: 0 : 15288, 14, 2021/08/04, 16:37:30.839, 2034717580991, vstest.console.dll, TcpClientExtensions.MessageLoopAsync: NotifyDataAvailable remoteEndPoint: 127.0.0.1:57041 localEndPoint: 127.0.0.1:57040
TpTrace Verbose: 0 : 15288, 14, 2021/08/04, 16:37:30.840, 2034717582857, vstest.console.dll, TestRequestSender.OnExecutionMessageReceived: Received message: {"Version":5,"MessageType":"TestSession.Message","Payload":{"MessageLevel":0,"Message":"[xUnit.net 00:00:00.00] xUnit.net VSTest Adapter v2.4.3+1b45f5407b (64-bit .NET 6.0.0-preview.6.21352.12)"}}
TpTrace Verbose: 0 : 15288, 14, 2021/08/04, 16:37:30.840, 2034717585144, vstest.console.dll, TestRunRequest:SendTestRunMessage: Starting.
TpTrace Information: 0 : 15288, 14, 2021/08/04, 16:37:30.840, 2034717585813, vstest.console.dll, TestRunRequest:SendTestRunMessage: Completed.
TpTrace Verbose: 0 : 15288, 14, 2021/08/04, 16:37:30.840, 2034717586311, vstest.console.dll, TcpClientExtensions.MessageLoopAsync: Polling on remoteEndPoint: 127.0.0.1:57041 localEndPoint: 127.0.0.1:57040
TpTrace Verbose: 0 : 15288, 14, 2021/08/04, 16:37:31.847, 2034727654092, vstest.console.dll, TcpClientExtensions.MessageLoopAsync: Polling on remoteEndPoint: 127.0.0.1:57041 localEndPoint: 127.0.0.1:57040
TpTrace Verbose: 0 : 15288, 14, 2021/08/04, 16:37:32.848, 2034737664226, vstest.console.dll, TcpClientExtensions.MessageLoopAsync: Polling on remoteEndPoint: 127.0.0.1:57041 localEndPoint: 127.0.0.1:57040
TpTrace Verbose: 0 : 15288, 14, 2021/08/04, 16:37:33.853, 2034747721185, vstest.console.dll, TcpClientExtensions.MessageLoopAsync: Polling on remoteEndPoint: 127.0.0.1:57041 localEndPoint: 127.0.0.1:57040
TpTrace Verbose: 0 : 15288, 14, 2021/08/04, 16:37:34.508, 2034754273883, vstest.console.dll, TcpClientExtensions.MessageLoopAsync: NotifyDataAvailable remoteEndPoint: 127.0.0.1:57041 localEndPoint: 127.0.0.1:57040
TpTrace Verbose: 0 : 15288, 14, 2021/08/04, 16:37:34.509, 2034754275022, vstest.console.dll, TestRequestSender.OnExecutionMessageReceived: Received message: {"Version":5,"MessageType":"TestSession.Message","Payload":{"MessageLevel":0,"Message":"[xUnit.net 00:00:03.68]   Discovering: Demo.DDD.WithEFCore.IntegrationTest"}}
TpTrace Verbose: 0 : 15288, 14, 2021/08/04, 16:37:34.509, 2034754276420, vstest.console.dll, TestRunRequest:SendTestRunMessage: Starting.
TpTrace Information: 0 : 15288, 14, 2021/08/04, 16:37:34.509, 2034754277002, vstest.console.dll, TestRunRequest:SendTestRunMessage: Completed.
TpTrace Verbose: 0 : 15288, 14, 2021/08/04, 16:37:34.509, 2034754277435, vstest.console.dll, TcpClientExtensions.MessageLoopAsync: Polling on remoteEndPoint: 127.0.0.1:57041 localEndPoint: 127.0.0.1:57040
TpTrace Verbose: 0 : 15288, 14, 2021/08/04, 16:37:34.567, 2034754855261, vstest.console.dll, TcpClientExtensions.MessageLoopAsync: NotifyDataAvailable remoteEndPoint: 127.0.0.1:57041 localEndPoint: 127.0.0.1:57040
TpTrace Verbose: 0 : 15288, 14, 2021/08/04, 16:37:34.567, 2034754856360, vstest.console.dll, TestRequestSender.OnExecutionMessageReceived: Received message: {"Version":5,"MessageType":"TestSession.Message","Payload":{"MessageLevel":0,"Message":"[xUnit.net 00:00:03.74]   Discovered:  Demo.DDD.WithEFCore.IntegrationTest"}}
TpTrace Verbose: 0 : 15288, 14, 2021/08/04, 16:37:34.567, 2034754858195, vstest.console.dll, TestRunRequest:SendTestRunMessage: Starting.
TpTrace Information: 0 : 15288, 14, 2021/08/04, 16:37:34.567, 2034754858761, vstest.console.dll, TestRunRequest:SendTestRunMessage: Completed.
TpTrace Verbose: 0 : 15288, 14, 2021/08/04, 16:37:34.567, 2034754859147, vstest.console.dll, TcpClientExtensions.MessageLoopAsync: Polling on remoteEndPoint: 127.0.0.1:57041 localEndPoint: 127.0.0.1:57040
TpTrace Verbose: 0 : 15288, 14, 2021/08/04, 16:37:34.571, 2034754900850, vstest.console.dll, TcpClientExtensions.MessageLoopAsync: NotifyDataAvailable remoteEndPoint: 127.0.0.1:57041 localEndPoint: 127.0.0.1:57040
TpTrace Verbose: 0 : 15288, 14, 2021/08/04, 16:37:34.571, 2034754901739, vstest.console.dll, TestRequestSender.OnExecutionMessageReceived: Received message: {"Version":5,"MessageType":"TestSession.Message","Payload":{"MessageLevel":0,"Message":"[xUnit.net 00:00:03.74]   Starting:    Demo.DDD.WithEFCore.IntegrationTest"}}
TpTrace Verbose: 0 : 15288, 14, 2021/08/04, 16:37:34.571, 2034754902951, vstest.console.dll, TestRunRequest:SendTestRunMessage: Starting.
TpTrace Information: 0 : 15288, 14, 2021/08/04, 16:37:34.571, 2034754903526, vstest.console.dll, TestRunRequest:SendTestRunMessage: Completed.
TpTrace Verbose: 0 : 15288, 14, 2021/08/04, 16:37:34.571, 2034754904030, vstest.console.dll, TcpClientExtensions.MessageLoopAsync: Polling on remoteEndPoint: 127.0.0.1:57041 localEndPoint: 127.0.0.1:57040
TpTrace Verbose: 0 : 15288, 14, 2021/08/04, 16:37:34.662, 2034755807175, vstest.console.dll, TcpClientExtensions.MessageLoopAsync: NotifyDataAvailable remoteEndPoint: 127.0.0.1:57041 localEndPoint: 127.0.0.1:57040
TpTrace Verbose: 0 : 15288, 14, 2021/08/04, 16:37:34.662, 2034755808816, vstest.console.dll, TestRequestSender.OnExecutionMessageReceived: Received message: {"Version":5,"MessageType":"TestExecution.StatsChange","Payload":{"NewTestResults":[],"TestRunStatistics":{"ExecutedTests":0,"Stats":{}},"ActiveTests":[{"Id":"4cf27d3b-636a-8f5a-4990-2c53f83140ab","FullyQualifiedName":"Demo.DDD.WithEFCore.IntegrationTest.OrdersControllerTest.ShouldReturnOk","DisplayName":"Demo.DDD.WithEFCore.IntegrationTest.OrdersControllerTest.ShouldReturnOk","ExecutorUri":"executor://xunit/VsTestRunner2/netcoreapp","Source":"C:\\Users\\mhoque\\source\\repos\\LiteObject\\Demo.DDD.WithEFCore\\Demo.DDD.WithEFCore.IntegrationTest\\bin\\Debug\\net6.0\\Demo.DDD.WithEFCore.IntegrationTest.dll","CodeFilePath":null,"LineNumber":0,"Properties":[]}]}}
TpTrace Verbose: 0 : 15288, 14, 2021/08/04, 16:37:34.684, 2034756026390, vstest.console.dll, TestRunRequest:SendTestRunStatsChange: Starting.
TpTrace Verbose: 0 : 15288, 14, 2021/08/04, 16:37:34.684, 2034756027892, vstest.console.dll, InProgress is Demo.DDD.WithEFCore.IntegrationTest.OrdersControllerTest.ShouldReturnOk
TpTrace Information: 0 : 15288, 14, 2021/08/04, 16:37:34.684, 2034756029100, vstest.console.dll, TestRunRequest:SendTestRunStatsChange: Completed.
TpTrace Verbose: 0 : 15288, 14, 2021/08/04, 16:37:34.684, 2034756029686, vstest.console.dll, TcpClientExtensions.MessageLoopAsync: Polling on remoteEndPoint: 127.0.0.1:57041 localEndPoint: 127.0.0.1:57040
TpTrace Verbose: 0 : 15288, 14, 2021/08/04, 16:37:35.698, 2034766175091, vstest.console.dll, TcpClientExtensions.MessageLoopAsync: Polling on remoteEndPoint: 127.0.0.1:57041 localEndPoint: 127.0.0.1:57040
TpTrace Verbose: 0 : 15288, 14, 2021/08/04, 16:37:36.178, 2034770972098, vstest.console.dll, TcpClientExtensions.MessageLoopAsync: NotifyDataAvailable remoteEndPoint: 127.0.0.1:57041 localEndPoint: 127.0.0.1:57040
TpTrace Verbose: 0 : 15288, 14, 2021/08/04, 16:37:36.179, 2034770976556, vstest.console.dll, TestRequestSender.OnExecutionMessageReceived: Received message: {"Version":5,"MessageType":"TestExecution.StatsChange","Payload":{"NewTestResults":[{"TestCase":{"Id":"4cf27d3b-636a-8f5a-4990-2c53f83140ab","FullyQualifiedName":"Demo.DDD.WithEFCore.IntegrationTest.OrdersControllerTest.ShouldReturnOk","DisplayName":"Demo.DDD.WithEFCore.IntegrationTest.OrdersControllerTest.ShouldReturnOk","ExecutorUri":"executor://xunit/VsTestRunner2/netcoreapp","Source":"C:\\Users\\mhoque\\source\\repos\\LiteObject\\Demo.DDD.WithEFCore\\Demo.DDD.WithEFCore.IntegrationTest\\bin\\Debug\\net6.0\\Demo.DDD.WithEFCore.IntegrationTest.dll","CodeFilePath":null,"LineNumber":0,"Properties":[]},"Attachments":[],"Outcome":1,"ErrorMessage":null,"ErrorStackTrace":null,"DisplayName":"Demo.DDD.WithEFCore.IntegrationTest.OrdersControllerTest.ShouldReturnOk","Messages":[{"Category":"StdOutMsgs","Text":"dbug: 8/4/2021 16:37:35.102 CoreEventId.ShadowPropertyCreated[10600] (Microsoft.EntityFrameworkCore.Model.Validation) \r\n      The property 'OrderId.Address' was created in shadow state because there are no eligible CLR members with a matching name.\r\ndbug: 8/4/2021 16:37:35.103 CoreEventId.ShadowPropertyCreated[10600] (Microsoft.EntityFrameworkCore.Model.Validation) \r\n      The property 'OrderId.LineItem' was created in shadow state because there are no eligible CLR members with a matching name.\r\ninfo: 8/4/2021 16:37:35.112 CoreEventId.ContextInitialized[10403] (Microsoft.EntityFrameworkCore.Infrastructure) \r\n      Entity Framework Core 5.0.7 initialized 'OrderDbContext' using provider 'Microsoft.EntityFrameworkCore.InMemory' with options: StoreName=9cc377c5-589d-411e-adf0-6766b136a022 \r\ndbug: 8/4/2021 16:37:35.161 CoreEventId.ValueGenerated[10808] (Microsoft.EntityFrameworkCore.ChangeTracking) \r\n      'OrderDbContext' generated a value for the property 'Id.Order'. Consider using 'DbContextOptionsBuilder.EnableSensitiveDataLogging' to see key values.\r\ndbug: 8/4/2021 16:37:35.202 CoreEventId.StartedTracking[10806] (Microsoft.EntityFrameworkCore.ChangeTracking) \r\n      Context 'OrderDbContext' started tracking 'Order' entity. Consider using 'DbContextOptionsBuilder.EnableSensitiveDataLogging' to see key values.\r\ndbug: 8/4/2021 16:37:35.210 CoreEventId.ValueGenerated[10808] (Microsoft.EntityFrameworkCore.ChangeTracking) \r\n      'OrderDbContext' generated a value for the property 'Id.LineItem'. Consider using 'DbContextOptionsBuilder.EnableSensitiveDataLogging' to see key values.\r\ndbug: 8/4/2021 16:37:35.235 CoreEventId.StartedTracking[10806] (Microsoft.EntityFrameworkCore.ChangeTracking) \r\n      Context 'OrderDbContext' started tracking 'LineItem' entity. Consider using 'DbContextOptionsBuilder.EnableSensitiveDataLogging' to see key values.\r\ndbug: 8/4/2021 16:37:35.235 CoreEventId.ValueGenerated[10808] (Microsoft.EntityFrameworkCore.ChangeTracking) \r\n      'OrderDbContext' generated a value for the property 'Id.LineItem'. Consider using 'DbContextOptionsBuilder.EnableSensitiveDataLogging' to see key values.\r\ndbug: 8/4/2021 16:37:35.235 CoreEventId.StartedTracking[10806] (Microsoft.EntityFrameworkCore.ChangeTracking) \r\n      Context 'OrderDbContext' started tracking 'LineItem' entity. Consider using 'DbContextOptionsBuilder.EnableSensitiveDataLogging' to see key values.\r\ndbug: 8/4/2021 16:37:35.235 CoreEventId.ValueGenerated[10808] (Microsoft.EntityFrameworkCore.ChangeTracking) \r\n      'OrderDbContext' generated a value for the property 'Id.LineItem'. Consider using 'DbContextOptionsBuilder.EnableSensitiveDataLogging' to see key values.\r\ndbug: 8/4/2021 16:37:35.235 CoreEventId.StartedTracking[10806] (Microsoft.EntityFrameworkCore.ChangeTracking) \r\n      Context 'OrderDbContext' started tracking 'LineItem' entity. Consider using 'DbContextOptionsBuilder.EnableSensitiveDataLogging' to see key values.\r\ndbug: 8/4/2021 16:37:35.248 CoreEventId.StartedTracking[10806] (Microsoft.EntityFrameworkCore.ChangeTracking) \r\n      Context 'OrderDbContext' started tracking 'Address' entity. Consider using 'DbContextOptionsBuilder.EnableSensitiveDataLogging' to see key values.\r\ndbug: 8/4/2021 16:37:35.248 CoreEventId.ValueGenerated[10808] (Microsoft.EntityFrameworkCore.ChangeTracking) \r\n      'OrderDbContext' generated a value for the property 'Id.Order'. Consider using 'DbContextOptionsBuilder.EnableSensitiveDataLogging' to see key values.\r\ndbug: 8/4/2021 16:37:35.248 CoreEventId.StartedTracking[10806] (Microsoft.EntityFrameworkCore.ChangeTracking) \r\n      Context 'OrderDbContext' started tracking 'Order' entity. Consider using 'DbContextOptionsBuilder.EnableSensitiveDataLogging' to see key values.\r\ndbug: 8/4/2021 16:37:35.248 CoreEventId.ValueGenerated[10808] (Microsoft.EntityFrameworkCore.ChangeTracking) \r\n      'OrderDbContext' generated a value for the property 'Id.LineItem'. Consider using 'DbContextOptionsBuilder.EnableSensitiveDataLogging' to see key values.\r\ndbug: 8/4/2021 16:37:35.248 CoreEventId.StartedTracking[10806] (Microsoft.EntityFrameworkCore.ChangeTracking) \r\n      Context 'OrderDbContext' started tracking 'LineItem' entity. Consider using 'DbContextOptionsBuilder.EnableSensitiveDataLogging' to see key values.\r\ndbug: 8/4/2021 16:37:35.248 CoreEventId.ValueGenerated[10808] (Microsoft.EntityFrameworkCore.ChangeTracking) \r\n      'OrderDbContext' generated a value for the property 'Id.LineItem'. Consider using 'DbContextOptionsBuilder.EnableSensitiveDataLogging' to see key values.\r\ndbug: 8/4/2021 16:37:35.248 CoreEventId.StartedTracking[10806] (Microsoft.EntityFrameworkCore.ChangeTracking) \r\n      Context 'OrderDbContext' started tracking 'LineItem' entity. Consider using 'DbContextOptionsBuilder.EnableSensitiveDataLogging' to see key values.\r\ndbug: 8/4/2021 16:37:35.248 CoreEventId.ValueGenerated[10808] (Microsoft.EntityFrameworkCore.ChangeTracking) \r\n      'OrderDbContext' generated a value for the property 'Id.LineItem'. Consider using 'DbContextOptionsBuilder.EnableSensitiveDataLogging' to see key values.\r\ndbug: 8/4/2021 16:37:35.248 CoreEventId.StartedTracking[10806] (Microsoft.EntityFrameworkCore.ChangeTracking) \r\n      Context 'OrderDbContext' started tracking 'LineItem' entity. Consider using 'DbContextOptionsBuilder.EnableSensitiveDataLogging' to see key values.\r\ndbug: 8/4/2021 16:37:35.248 CoreEventId.StartedTracking[10806] (Microsoft.EntityFrameworkCore.ChangeTracking) \r\n      Context 'OrderDbContext' started tracking 'Address' entity. Consider using 'DbContextOptionsBuilder.EnableSensitiveDataLogging' to see key values.\r\ndbug: 8/4/2021 16:37:35.249 CoreEventId.ValueGenerated[10808] (Microsoft.EntityFrameworkCore.ChangeTracking) \r\n      'OrderDbContext' generated a value for the property 'Id.Order'. Consider using 'DbContextOptionsBuilder.EnableSensitiveDataLogging' to see key values.\r\ndbug: 8/4/2021 16:37:35.249 CoreEventId.StartedTracking[10806] (Microsoft.EntityFrameworkCore.ChangeTracking) \r\n      Context 'OrderDbContext' started tracking 'Order' entity. Consider using 'DbContextOptionsBuilder.EnableSensitiveDataLogging' to see key values.\r\ndbug: 8/4/2021 16:37:35.249 CoreEventId.ValueGenerated[10808] (Microsoft.EntityFrameworkCore.ChangeTracking) \r\n      'OrderDbContext' generated a value for the property 'Id.LineItem'. Consider using 'DbContextOptionsBuilder.EnableSensitiveDataLogging' to see key values.\r\ndbug: 8/4/2021 16:37:35.249 CoreEventId.StartedTracking[10806] (Microsoft.EntityFrameworkCore.ChangeTracking) \r\n      Context 'OrderDbContext' started tracking 'LineItem' entity. Consider using 'DbContextOptionsBuilder.EnableSensitiveDataLogging' to see key values.\r\ndbug: 8/4/2021 16:37:35.249 CoreEventId.ValueGenerated[10808] (Microsoft.EntityFrameworkCore.ChangeTracking) \r\n      'OrderDbContext' generated a value for the property 'Id.LineItem'. Consider using 'DbContextOptionsBuilder.EnableSensitiveDataLogging' to see key values.\r\ndbug: 8/4/2021 16:37:35.249 CoreEventId.StartedTracking[10806] (Microsoft.EntityFrameworkCore.ChangeTracking) \r\n      Context 'OrderDbContext' started tracking 'LineItem' entity. Consider using 'DbContextOptionsBuilder.EnableSensitiveDataLogging' to see key values.\r\ndbug: 8/4/2021 16:37:35.249 CoreEventId.ValueGenerated[10808] (Microsoft.EntityFrameworkCore.ChangeTracking) \r\n      'OrderDbContext' generated a value for the property 'Id.LineItem'. Consider using 'DbContextOptionsBuilder.EnableSensitiveDataLogging' to see key values.\r\ndbug: 8/4/2021 16:37:35.249 CoreEventId.StartedTracking[10806] (Microsoft.EntityFrameworkCore.ChangeTracking) \r\n      Context 'OrderDbContext' started tracking 'LineItem' entity. Consider using 'DbContextOptionsBuilder.EnableSensitiveDataLogging' to see key values.\r\ndbug: 8/4/2021 16:37:35.249 CoreEventId.StartedTracking[10806] (Microsoft.EntityFrameworkCore.ChangeTracking) \r\n      Context 'OrderDbContext' started tracking 'Address' entity. Consider using 'DbContextOptionsBuilder.EnableSensitiveDataLogging' to see key values.\r\ndbug: 8/4/2021 16:37:35.249 CoreEventId.ValueGenerated[10808] (Microsoft.EntityFrameworkCore.ChangeTracking) \r\n      'OrderDbContext' generated a value for the property 'Id.Order'. Consider using 'DbContextOptionsBuilder.EnableSensitiveDataLogging' to see key values.\r\ndbug: 8/4/2021 16:37:35.249 CoreEventId.StartedTracking[10806] (Microsoft.EntityFrameworkCore.ChangeTracking) \r\n      Context 'OrderDbContext' started tracking 'Order' entity. Consider using 'DbContextOptionsBuilder.EnableSensitiveDataLogging' to see key values.\r\ndbug: 8/4/2021 16:37:35.249 CoreEventId.ValueGenerated[10808] (Microsoft.EntityFrameworkCore.ChangeTracking) \r\n      'OrderDbContext' generated a value for the property 'Id.LineItem'. Consider using 'DbContextOptionsBuilder.EnableSensitiveDataLogging' to see key values.\r\ndbug: 8/4/2021 16:37:35.249 CoreEventId.StartedTracking[10806] (Microsoft.EntityFrameworkCore.ChangeTracking) \r\n      Context 'OrderDbContext' started tracking 'LineItem' entity. Consider using 'DbContextOptionsBuilder.EnableSensitiveDataLogging' to see key values.\r\ndbug: 8/4/2021 16:37:35.249 CoreEventId.ValueGenerated[10808] (Microsoft.EntityFrameworkCore.ChangeTracking) \r\n      'OrderDbContext' generated a value for the property 'Id.LineItem'. Consider using 'DbContextOptionsBuilder.EnableSensitiveDataLogging' to see key values.\r\ndbug: 8/4/2021 16:37:35.249 CoreEventId.StartedTracking[10806] (Microsoft.EntityFrameworkCore.ChangeTracking) \r\n      Context 'OrderDbContext' started tracking 'LineItem' entity. Consider using 'DbContextOptionsBuilder.EnableSensitiveDataLogging' to see key values.\r\ndbug: 8/4/2021 16:37:35.249 CoreEventId.ValueGenerated[10808] (Microsoft.EntityFrameworkCore.ChangeTracking) \r\n      'OrderDbContext' generated a value for the property 'Id.LineItem'. Consider using 'DbContextOptionsBuilder.EnableSensitiveDataLogging' to see key values.\r\ndbug: 8/4/2021 16:37:35.249 CoreEventId.StartedTracking[10806] (Microsoft.EntityFrameworkCore.ChangeTracking) \r\n      Context 'OrderDbContext' started tracking 'LineItem' entity. Consider using 'DbContextOptionsBuilder.EnableSensitiveDataLogging' to see key values.\r\ndbug: 8/4/2021 16:37:35.249 CoreEventId.StartedTracking[10806] (Microsoft.EntityFrameworkCore.ChangeTracking) \r\n      Context 'OrderDbContext' started tracking 'Address' entity. Consider using 'DbContextOptionsBuilder.EnableSensitiveDataLogging' to see key values.\r\ndbug: 8/4/2021 16:37:35.253 CoreEventId.SaveChangesStarting[10004] (Microsoft.EntityFrameworkCore.Update) \r\n      SaveChanges starting for 'OrderDbContext'.\r\ndbug: 8/4/2021 16:37:35.255 CoreEventId.DetectChangesStarting[10800] (Microsoft.EntityFrameworkCore.ChangeTracking) \r\n      DetectChanges starting for 'OrderDbContext'.\r\ndbug: 8/4/2021 16:37:35.271 CoreEventId.DetectChangesCompleted[10801] (Microsoft.EntityFrameworkCore.ChangeTracking) \r\n      DetectChanges completed for 'OrderDbContext'.\r\ninfo: 8/4/2021 16:37:35.280 InMemoryEventId.ChangesSaved[30100] (Microsoft.EntityFrameworkCore.Update) \r\n      Saved 20 entities to in-memory store.\r\ndbug: 8/4/2021 16:37:35.284 CoreEventId.StateChanged[10807] (Microsoft.EntityFrameworkCore.ChangeTracking) \r\n      An entity of type 'Order' tracked by 'OrderDbContext' changed state from 'Added' to 'Unchanged'. Consider using 'DbContextOptionsBuilder.EnableSensitiveDataLogging' to see key values.\r\ndbug: 8/4/2021 16:37:35.285 CoreEventId.StateChanged[10807] (Microsoft.EntityFrameworkCore.ChangeTracking) \r\n      An entity of type 'LineItem' tracked by 'OrderDbContext' changed state from 'Added' to 'Unchanged'. Consider using 'DbContextOptionsBuilder.EnableSensitiveDataLogging' to see key values.\r\ndbug: 8/4/2021 16:37:35.285 CoreEventId.StateChanged[10807] (Microsoft.EntityFrameworkCore.ChangeTracking) \r\n      An entity of type 'LineItem' tracked by 'OrderDbContext' changed state from 'Added' to 'Unchanged'. Consider using 'DbContextOptionsBuilder.EnableSensitiveDataLogging' to see key values.\r\ndbug: 8/4/2021 16:37:35.285 CoreEventId.StateChanged[10807] (Microsoft.EntityFrameworkCore.ChangeTracking) \r\n      An entity of type 'LineItem' tracked by 'OrderDbContext' changed state from 'Added' to 'Unchanged'. Consider using 'DbContextOptionsBuilder.EnableSensitiveDataLogging' to see key values.\r\ndbug: 8/4/2021 16:37:35.285 CoreEventId.StateChanged[10807] (Microsoft.EntityFrameworkCore.ChangeTracking) \r\n      An entity of type 'Address' tracked by 'OrderDbContext' changed state from 'Added' to 'Unchanged'. Consider using 'DbContextOptionsBuilder.EnableSensitiveDataLogging' to see key values.\r\ndbug: 8/4/2021 16:37:35.285 CoreEventId.StateChanged[10807] (Microsoft.EntityFrameworkCore.ChangeTracking) \r\n      An entity of type 'Order' tracked by 'OrderDbContext' changed state from 'Added' to 'Unchanged'. Consider using 'DbContextOptionsBuilder.EnableSensitiveDataLogging' to see key values.\r\ndbug: 8/4/2021 16:37:35.285 CoreEventId.StateChanged[10807] (Microsoft.EntityFrameworkCore.ChangeTracking) \r\n      An entity of type 'LineItem' tracked by 'OrderDbContext' changed state from 'Added' to 'Unchanged'. Consider using 'DbContextOptionsBuilder.EnableSensitiveDataLogging' to see key values.\r\ndbug: 8/4/2021 16:37:35.285 CoreEventId.StateChanged[10807] (Microsoft.EntityFrameworkCore.ChangeTracking) \r\n      An entity of type 'LineItem' tracked by 'OrderDbContext' changed state from 'Added' to 'Unchanged'. Consider using 'DbContextOptionsBuilder.EnableSensitiveDataLogging' to see key values.\r\ndbug: 8/4/2021 16:37:35.285 CoreEventId.StateChanged[10807] (Microsoft.EntityFrameworkCore.ChangeTracking) \r\n      An entity of type 'LineItem' tracked by 'OrderDbContext' changed state from 'Added' to 'Unchanged'. Consider using 'DbContextOptionsBuilder.EnableSensitiveDataLogging' to see key values.\r\ndbug: 8/4/2021 16:37:35.285 CoreEventId.StateChanged[10807] (Microsoft.EntityFrameworkCore.ChangeTracking) \r\n      An entity of type 'Address' tracked by 'OrderDbContext' changed state from 'Added' to 'Unchanged'. Consider using 'DbContextOptionsBuilder.EnableSensitiveDataLogging' to see key values.\r\ndbug: 8/4/2021 16:37:35.285 CoreEventId.StateChanged[10807] (Microsoft.EntityFrameworkCore.ChangeTracking) \r\n      An entity of type 'Order' tracked by 'OrderDbContext' changed state from 'Added' to 'Unchanged'. Consider using 'DbContextOptionsBuilder.EnableSensitiveDataLogging' to see key values.\r\ndbug: 8/4/2021 16:37:35.285 CoreEventId.StateChanged[10807] (Microsoft.EntityFrameworkCore.ChangeTracking) \r\n      An entity of type 'LineItem' tracked by 'OrderDbContext' changed state from 'Added' to 'Unchanged'. Consider using 'DbContextOptionsBuilder.EnableSensitiveDataLogging' to see key values.\r\ndbug: 8/4/2021 16:37:35.285 CoreEventId.StateChanged[10807] (Microsoft.EntityFrameworkCore.ChangeTracking) \r\n      An entity of type 'LineItem' tracked by 'OrderDbContext' changed state from 'Added' to 'Unchanged'. Consider using 'DbContextOptionsBuilder.EnableSensitiveDataLogging' to see key values.\r\ndbug: 8/4/2021 16:37:35.285 CoreEventId.StateChanged[10807] (Microsoft.EntityFrameworkCore.ChangeTracking) \r\n      An entity of type 'LineItem' tracked by 'OrderDbContext' changed state from 'Added' to 'Unchanged'. Consider using 'DbContextOptionsBuilder.EnableSensitiveDataLogging' to see key values.\r\ndbug: 8/4/2021 16:37:35.285 CoreEventId.StateChanged[10807] (Microsoft.EntityFrameworkCore.ChangeTracking) \r\n      An entity of type 'Address' tracked by 'OrderDbContext' changed state from 'Added' to 'Unchanged'. Consider using 'DbContextOptionsBuilder.EnableSensitiveDataLogging' to see key values.\r\ndbug: 8/4/2021 16:37:35.285 CoreEventId.StateChanged[10807] (Microsoft.EntityFrameworkCore.ChangeTracking) \r\n      An entity of type 'Order' tracked by 'OrderDbContext' changed state from 'Added' to 'Unchanged'. Consider using 'DbContextOptionsBuilder.EnableSensitiveDataLogging' to see key values.\r\ndbug: 8/4/2021 16:37:35.285 CoreEventId.StateChanged[10807] (Microsoft.EntityFrameworkCore.ChangeTracking) \r\n      An entity of type 'LineItem' tracked by 'OrderDbContext' changed state from 'Added' to 'Unchanged'. Consider using 'DbContextOptionsBuilder.EnableSensitiveDataLogging' to see key values.\r\ndbug: 8/4/2021 16:37:35.285 CoreEventId.StateChanged[10807] (Microsoft.EntityFrameworkCore.ChangeTracking) \r\n      An entity of type 'LineItem' tracked by 'OrderDbContext' changed state from 'Added' to 'Unchanged'. Consider using 'DbContextOptionsBuilder.EnableSensitiveDataLogging' to see key values.\r\ndbug: 8/4/2021 16:37:35.285 CoreEventId.StateChanged[10807] (Microsoft.EntityFrameworkCore.ChangeTracking) \r\n      An entity of type 'LineItem' tracked by 'OrderDbContext' changed state from 'Added' to 'Unchanged'. Consider using 'DbContextOptionsBuilder.EnableSensitiveDataLogging' to see key values.\r\ndbug: 8/4/2021 16:37:35.285 CoreEventId.StateChanged[10807] (Microsoft.EntityFrameworkCore.ChangeTracking) \r\n      An entity of type 'Address' tracked by 'OrderDbContext' changed state from 'Added' to 'Unchanged'. Consider using 'DbContextOptionsBuilder.EnableSensitiveDataLogging' to see key values.\r\ndbug: 8/4/2021 16:37:35.287 CoreEventId.SaveChangesCompleted[10005] (Microsoft.EntityFrameworkCore.Update) \r\n      SaveChanges completed for 'OrderDbContext' with 20 entities written to the database.\r\ndbug: 8/4/2021 16:37:35.299 CoreEventId.QueryCompilationStarting[10111] (Microsoft.EntityFrameworkCore.Query) \r\n      Compiling query expression: \r\n      'DbSet<Order>()\r\n          .AsNoTracking()\r\n          .Skip(__p_0)\r\n          .Take(__p_1)'\r\ndbug: 8/4/2021 16:37:35.318 CoreEventId.NavigationBaseIncluded[10112] (Microsoft.EntityFrameworkCore.Query) \r\n      Including navigation: 'Order.ShippingAddress'.\r\ndbug: 8/4/2021 16:37:35.397 CoreEventId.QueryExecutionPlanned[10107] (Microsoft.EntityFrameworkCore.Query) \r\n      Generated query execution expression: \r\n      'queryContext => new QueryingEnumerable<Order>(\r\n          queryContext, \r\n          InMemoryShapedQueryCompilingExpressionVisitor.Table(\r\n              queryContext: queryContext, \r\n              entityType: EntityType: Order)\r\n              .Skip(InMemoryExpressionTranslatingExpressionVisitor.GetParameterValue<int>(\r\n                  queryContext: queryContext, \r\n                  parameterName: \"__p_0\"))\r\n              .Take(InMemoryExpressionTranslatingExpressionVisitor.GetParameterValue<int>(\r\n                  queryContext: queryContext, \r\n                  parameterName: \"__p_1\"))\r\n              .GroupJoin(\r\n                  inner: InMemoryShapedQueryCompilingExpressionVisitor.Table(\r\n                      queryContext: queryContext, \r\n                      entityType: EntityType: Address), \r\n                  outerKeySelector: valueBuffer => ExpressionExtensions.ValueBufferTryReadValue<int>(\r\n                      valueBuffer: valueBuffer, \r\n                      index: 0, \r\n                      property: Property: Order.Id (int) Required PK AfterSave:Throw ValueGenerated.OnAdd), \r\n                  innerKeySelector: valueBuffer => ExpressionExtensions.ValueBufferTryReadValue<int>(\r\n                      valueBuffer: valueBuffer, \r\n                      index: 0, \r\n                      property: Property: Address.OrderId (no field, int) Shadow Required PK FK AfterSave:Throw), \r\n                  resultSelector: (outer, inner) => new TransparentIdentifier<ValueBuffer, IEnumerable<ValueBuffer>>(\r\n                      Outer = outer, \r\n                      Inner = inner\r\n                  ))\r\n              .SelectMany(\r\n                  collectionSelector: collection => collection.Inner\r\n                      .DefaultIfEmpty(new ValueBuffer(new object[]\r\n                      { \r\n                          null, \r\n                          null, \r\n                          null, \r\n                          null, \r\n                          null, \r\n                          null \r\n                      })), \r\n                  resultSelector: (outer, inner) => new ValueBuffer(new object[]\r\n                  { \r\n                      (object)ExpressionExtensions.ValueBufferTryReadValue<int>(\r\n                          valueBuffer: outer.Outer, \r\n                          index: 0, \r\n                          property: Property: Order.Id (int) Required PK AfterSave:Throw ValueGenerated.OnAdd), \r\n                      (object)ExpressionExtensions.ValueBufferTryReadValue<Nullable<DateTime>>(\r\n                          valueBuffer: outer.Outer, \r\n                          index: 1, \r\n                          property: Property: Order.Created (Nullable<DateTime>) ValueGenerated.OnAdd), \r\n                      ExpressionExtensions.ValueBufferTryReadValue<string>(\r\n                          valueBuffer: outer.Outer, \r\n                          index: 2, \r\n                          property: Property: Order.CreatedBy (string) ValueGenerated.OnAdd), \r\n                      (object)ExpressionExtensions.ValueBufferTryReadValue<Nullable<DateTime>>(\r\n                          valueBuffer: outer.Outer, \r\n                          index: 3, \r\n                          property: Property: Order.Modified (Nullable<DateTime>) AfterSave:Ignore ValueGenerated.OnUpdate), \r\n                      ExpressionExtensions.ValueBufferTryReadValue<string>(\r\n                          valueBuffer: outer.Outer, \r\n                          index: 4, \r\n                          property: Property: Order.ModifiedBy (string) AfterSave:Ignore ValueGenerated.OnUpdate), \r\n                      ExpressionExtensions.ValueBufferTryReadValue<string>(\r\n                          valueBuffer: outer.Outer, \r\n                          index: 5, \r\n                          property: Property: Order.Note (string)), \r\n                      (object)ExpressionExtensions.ValueBufferTryReadValue<DateTime>(\r\n                          valueBuffer: outer.Outer, \r\n                          index: 6, \r\n                          property: Property: Order.OrderDate (DateTime) Required), \r\n                      (object)ExpressionExtensions.ValueBufferTryReadValue<OrderStatus>(\r\n                          valueBuffer: outer.Outer, \r\n                          index: 7, \r\n                          property: Property: Order.Status (OrderStatus) Required), \r\n                      (object)ExpressionExtensions.ValueBufferTryReadValue<Nullable<int>>(\r\n                          valueBuffer: inner, \r\n                          index: 0, \r\n                          property: Property: Address.OrderId (no field, int) Shadow Required PK FK AfterSave:Throw), \r\n                      ExpressionExtensions.ValueBufferTryReadValue<string>(\r\n                          valueBuffer: inner, \r\n                          index: 1, \r\n                          property: Property: Address.City (string)), \r\n                      ExpressionExtensions.ValueBufferTryReadValue<string>(\r\n                          valueBuffer: inner, \r\n                          index: 2, \r\n                          property: Property: Address.State (string)), \r\n                      ExpressionExtensions.ValueBufferTryReadValue<string>(\r\n                          valueBuffer: inner, \r\n                          index: 3, \r\n                          property: Property: Address.Street1 (string)), \r\n                      ExpressionExtensions.ValueBufferTryReadValue<string>(\r\n                          valueBuffer: inner, \r\n                          index: 4, \r\n                          property: Property: Address.Street2 (string)), \r\n                      ExpressionExtensions.ValueBufferTryReadValue<string>(\r\n                          valueBuffer: inner, \r\n                          index: 5, \r\n                          property: Property: Address.Zip (string)) \r\n                  }))\r\n              .Select(valueBuffer => new ValueBuffer(new object[]\r\n              { \r\n                  (object)ExpressionExtensions.ValueBufferTryReadValue<int>(\r\n                      valueBuffer: valueBuffer, \r\n                      index: 0, \r\n                      property: Property: Order.Id (int) Required PK AfterSave:Throw ValueGenerated.OnAdd), \r\n                  (object)ExpressionExtensions.ValueBufferTryReadValue<Nullable<DateTime>>(\r\n                      valueBuffer: valueBuffer, \r\n                      index: 1, \r\n                      property: Property: Order.Created (Nullable<DateTime>) ValueGenerated.OnAdd), \r\n                  ExpressionExtensions.ValueBufferTryReadValue<string>(\r\n                      valueBuffer: valueBuffer, \r\n                      index: 2, \r\n                      property: Property: Order.CreatedBy (string) ValueGenerated.OnAdd), \r\n                  (object)ExpressionExtensions.ValueBufferTryReadValue<Nullable<DateTime>>(\r\n                      valueBuffer: valueBuffer, \r\n                      index: 3, \r\n                      property: Property: Order.Modified (Nullable<DateTime>) AfterSave:Ignore ValueGenerated.OnUpdate), \r\n                  ExpressionExtensions.ValueBufferTryReadValue<string>(\r\n                      valueBuffer: valueBuffer, \r\n                      index: 4, \r\n                      property: Property: Order.ModifiedBy (string) AfterSave:Ignore ValueGenerated.OnUpdate), \r\n                  ExpressionExtensions.ValueBufferTryReadValue<string>(\r\n                      valueBuffer: valueBuffer, \r\n                      index: 5, \r\n                      property: Property: Order.Note (string)), \r\n                  (object)ExpressionExtensions.ValueBufferTryReadValue<DateTime>(\r\n                      valueBuffer: valueBuffer, \r\n                      index: 6, \r\n                      property: Property: Order.OrderDate (DateTime) Required), \r\n                  (object)ExpressionExtensions.ValueBufferTryReadValue<OrderStatus>(\r\n                      valueBuffer: valueBuffer, \r\n                      index: 7, \r\n                      property: Property: Order.Status (OrderStatus) Required), \r\n                  (object)ExpressionExtensions.ValueBufferTryReadValue<Nullable<int>>(\r\n                      valueBuffer: valueBuffer, \r\n                      index: 8, \r\n                      property: Property: Address.OrderId (no field, int) Shadow Required PK FK AfterSave:Throw), \r\n                  ExpressionExtensions.ValueBufferTryReadValue<string>(\r\n                      valueBuffer: valueBuffer, \r\n                      index: 9, \r\n                      property: Property: Address.City (string)), \r\n                  ExpressionExtensions.ValueBufferTryReadValue<string>(\r\n                      valueBuffer: valueBuffer, \r\n                      index: 10, \r\n                      property: Property: Address.State (string)), \r\n                  ExpressionExtensions.ValueBufferTryReadValue<string>(\r\n                      valueBuffer: valueBuffer, \r\n                      index: 11, \r\n                      property: Property: Address.Street1 (string)), \r\n                  ExpressionExtensions.ValueBufferTryReadValue<string>(\r\n                      valueBuffer: valueBuffer, \r\n                      index: 12, \r\n                      property: Property: Address.Street2 (string)), \r\n                  ExpressionExtensions.ValueBufferTryReadValue<string>(\r\n                      valueBuffer: valueBuffer, \r\n                      index: 13, \r\n                      property: Property: Address.Zip (string)) \r\n              })), \r\n          Func<QueryContext, ValueBuffer, Order>, \r\n          Demo.DDD.WithEFCore.Data.OrderDbContext, \r\n          False\r\n      )'\r\ndbug: 8/4/2021 16:37:35.424 CoreEventId.ContextDisposed[10407] (Microsoft.EntityFrameworkCore.Infrastructure) \r\n      'OrderDbContext' disposed.\r\n"}],"ComputerName":"SH-SFTCHP3Q13","Duration":"00:00:00.7643269","StartTime":"2021-08-04T21:37:35.430893+00:00","EndTime":"2021-08-04T21:37:35.4309231+00:00","Properties":[]}],"TestRunStatistics":{"ExecutedTests":1,"Stats":{"Passed":1}},"ActiveTests":[{"Id":"b46bf93e-48cf-19d7-4114-1a784c0844ba","FullyQualifiedName":"Demo.DDD.WithEFCore.IntegrationTest.OrdersControllerTestWithHost.UpdateOrder_Should_Return_404_NotFound","DisplayName":"Demo.DDD.WithEFCore.IntegrationTest.OrdersControllerTestWithHost.UpdateOrder_Should_Return_404_NotFound","ExecutorUri":"executor://xunit/VsTestRunner2/netcoreapp","Source":"C:\\Users\\mhoque\\source\\repos\\LiteObject\\Demo.DDD.WithEFCore\\Demo.DDD.WithEFCore.IntegrationTest\\bin\\Debug\\net6.0\\Demo.DDD.WithEFCore.IntegrationTest.dll","CodeFilePath":null,"LineNumber":0,"Properties":[]}]}}
TpTrace Verbose: 0 : 15288, 14, 2021/08/04, 16:37:36.186, 2034771047090, vstest.console.dll, TestRunRequest:SendTestRunStatsChange: Starting.
TpTrace Verbose: 0 : 15288, 14, 2021/08/04, 16:37:36.186, 2034771047952, vstest.console.dll, InProgress is Demo.DDD.WithEFCore.IntegrationTest.OrdersControllerTestWithHost.UpdateOrder_Should_Return_404_NotFound
TpTrace Information: 0 : 15288, 14, 2021/08/04, 16:37:36.186, 2034771049488, vstest.console.dll, TestRunRequest:SendTestRunStatsChange: Completed.
TpTrace Verbose: 0 : 15288, 14, 2021/08/04, 16:37:36.186, 2034771049934, vstest.console.dll, TcpClientExtensions.MessageLoopAsync: Polling on remoteEndPoint: 127.0.0.1:57041 localEndPoint: 127.0.0.1:57040
TpTrace Verbose: 0 : 15288, 14, 2021/08/04, 16:37:37.187, 2034781064816, vstest.console.dll, TcpClientExtensions.MessageLoopAsync: Polling on remoteEndPoint: 127.0.0.1:57041 localEndPoint: 127.0.0.1:57040
TpTrace Verbose: 0 : 15288, 14, 2021/08/04, 16:37:37.530, 2034784495547, vstest.console.dll, TcpClientExtensions.MessageLoopAsync: NotifyDataAvailable remoteEndPoint: 127.0.0.1:57041 localEndPoint: 127.0.0.1:57040
TpTrace Verbose: 0 : 15288, 14, 2021/08/04, 16:37:37.531, 2034784497710, vstest.console.dll, TestRequestSender.OnExecutionMessageReceived: Received message: {"Version":5,"MessageType":"TestSession.Message","Payload":{"MessageLevel":2,"Message":"[xUnit.net 00:00:06.70]     Demo.DDD.WithEFCore.IntegrationTest.OrdersControllerTestWithHost.PatchOrder_Should_Return_NoContent [FAIL]"}}
TpTrace Verbose: 0 : 15288, 14, 2021/08/04, 16:37:37.531, 2034784499273, vstest.console.dll, TestRunRequest:SendTestRunMessage: Starting.
TpTrace Information: 0 : 15288, 14, 2021/08/04, 16:37:37.531, 2034784500542, vstest.console.dll, TestRunRequest:SendTestRunMessage: Completed.
TpTrace Verbose: 0 : 15288, 14, 2021/08/04, 16:37:37.531, 2034784501031, vstest.console.dll, TcpClientExtensions.MessageLoopAsync: Polling on remoteEndPoint: 127.0.0.1:57041 localEndPoint: 127.0.0.1:57040
TpTrace Verbose: 0 : 15288, 14, 2021/08/04, 16:37:37.532, 2034784511747, vstest.console.dll, TcpClientExtensions.MessageLoopAsync: NotifyDataAvailable remoteEndPoint: 127.0.0.1:57041 localEndPoint: 127.0.0.1:57040
TpTrace Verbose: 0 : 15288, 14, 2021/08/04, 16:37:37.532, 2034784512444, vstest.console.dll, TestRequestSender.OnExecutionMessageReceived: Received message: {"Version":5,"MessageType":"TestSession.Message","Payload":{"MessageLevel":0,"Message":"[xUnit.net 00:00:06.70]       Assert.Equal() Failure"}}
TpTrace Verbose: 0 : 15288, 14, 2021/08/04, 16:37:37.532, 2034784513214, vstest.console.dll, TestRunRequest:SendTestRunMessage: Starting.
TpTrace Information: 0 : 15288, 14, 2021/08/04, 16:37:37.532, 2034784514667, vstest.console.dll, TestRunRequest:SendTestRunMessage: Completed.
TpTrace Verbose: 0 : 15288, 14, 2021/08/04, 16:37:37.532, 2034784515333, vstest.console.dll, TcpClientExtensions.MessageLoopAsync: Polling on remoteEndPoint: 127.0.0.1:57041 localEndPoint: 127.0.0.1:57040
TpTrace Verbose: 0 : 15288, 14, 2021/08/04, 16:37:37.532, 2034784515730, vstest.console.dll, TcpClientExtensions.MessageLoopAsync: NotifyDataAvailable remoteEndPoint: 127.0.0.1:57041 localEndPoint: 127.0.0.1:57040
TpTrace Verbose: 0 : 15288, 14, 2021/08/04, 16:37:37.532, 2034784516205, vstest.console.dll, TestRequestSender.OnExecutionMessageReceived: Received message: {"Version":5,"MessageType":"TestSession.Message","Payload":{"MessageLevel":0,"Message":"[xUnit.net 00:00:06.70]       Expected: NoContent"}}
TpTrace Verbose: 0 : 15288, 14, 2021/08/04, 16:37:37.532, 2034784516879, vstest.console.dll, TestRunRequest:SendTestRunMessage: Starting.
TpTrace Information: 0 : 15288, 14, 2021/08/04, 16:37:37.532, 2034784517390, vstest.console.dll, TestRunRequest:SendTestRunMessage: Completed.
TpTrace Verbose: 0 : 15288, 14, 2021/08/04, 16:37:37.533, 2034784517834, vstest.console.dll, TcpClientExtensions.MessageLoopAsync: Polling on remoteEndPoint: 127.0.0.1:57041 localEndPoint: 127.0.0.1:57040
TpTrace Verbose: 0 : 15288, 14, 2021/08/04, 16:37:37.533, 2034784518169, vstest.console.dll, TcpClientExtensions.MessageLoopAsync: NotifyDataAvailable remoteEndPoint: 127.0.0.1:57041 localEndPoint: 127.0.0.1:57040
TpTrace Verbose: 0 : 15288, 14, 2021/08/04, 16:37:37.533, 2034784518582, vstest.console.dll, TestRequestSender.OnExecutionMessageReceived: Received message: {"Version":5,"MessageType":"TestSession.Message","Payload":{"MessageLevel":0,"Message":"[xUnit.net 00:00:06.70]       Actual:   BadRequest"}}
TpTrace Verbose: 0 : 15288, 14, 2021/08/04, 16:37:37.533, 2034784519180, vstest.console.dll, TestRunRequest:SendTestRunMessage: Starting.
TpTrace Information: 0 : 15288, 14, 2021/08/04, 16:37:37.533, 2034784519633, vstest.console.dll, TestRunRequest:SendTestRunMessage: Completed.
TpTrace Verbose: 0 : 15288, 14, 2021/08/04, 16:37:37.533, 2034784520097, vstest.console.dll, TcpClientExtensions.MessageLoopAsync: Polling on remoteEndPoint: 127.0.0.1:57041 localEndPoint: 127.0.0.1:57040
TpTrace Verbose: 0 : 15288, 14, 2021/08/04, 16:37:37.533, 2034784523951, vstest.console.dll, TcpClientExtensions.MessageLoopAsync: NotifyDataAvailable remoteEndPoint: 127.0.0.1:57041 localEndPoint: 127.0.0.1:57040
TpTrace Verbose: 0 : 15288, 14, 2021/08/04, 16:37:37.533, 2034784524640, vstest.console.dll, TestRequestSender.OnExecutionMessageReceived: Received message: {"Version":5,"MessageType":"TestSession.Message","Payload":{"MessageLevel":0,"Message":"[xUnit.net 00:00:06.70]       Stack Trace:"}}
TpTrace Verbose: 0 : 15288, 14, 2021/08/04, 16:37:37.533, 2034784525380, vstest.console.dll, TestRunRequest:SendTestRunMessage: Starting.
TpTrace Information: 0 : 15288, 14, 2021/08/04, 16:37:37.533, 2034784525864, vstest.console.dll, TestRunRequest:SendTestRunMessage: Completed.
TpTrace Verbose: 0 : 15288, 14, 2021/08/04, 16:37:37.533, 2034784526231, vstest.console.dll, TcpClientExtensions.MessageLoopAsync: Polling on remoteEndPoint: 127.0.0.1:57041 localEndPoint: 127.0.0.1:57040
TpTrace Verbose: 0 : 15288, 14, 2021/08/04, 16:37:37.534, 2034784531317, vstest.console.dll, TcpClientExtensions.MessageLoopAsync: NotifyDataAvailable remoteEndPoint: 127.0.0.1:57041 localEndPoint: 127.0.0.1:57040
TpTrace Verbose: 0 : 15288, 14, 2021/08/04, 16:37:37.534, 2034784531992, vstest.console.dll, TestRequestSender.OnExecutionMessageReceived: Received message: {"Version":5,"MessageType":"TestSession.Message","Payload":{"MessageLevel":0,"Message":"[xUnit.net 00:00:06.70]         C:\\Users\\mhoque\\source\\repos\\LiteObject\\Demo.DDD.WithEFCore\\Demo.DDD.WithEFCore.IntegrationTest\\OrdersControllerTestWithHost.cs(132,0): at Demo.DDD.WithEFCore.IntegrationTest.OrdersControllerTestWithHost.PatchOrder_Should_Return_NoContent()"}}
TpTrace Verbose: 0 : 15288, 14, 2021/08/04, 16:37:37.534, 2034784532960, vstest.console.dll, TestRunRequest:SendTestRunMessage: Starting.
TpTrace Information: 0 : 15288, 14, 2021/08/04, 16:37:37.534, 2034784533484, vstest.console.dll, TestRunRequest:SendTestRunMessage: Completed.
TpTrace Verbose: 0 : 15288, 14, 2021/08/04, 16:37:37.534, 2034784533939, vstest.console.dll, TcpClientExtensions.MessageLoopAsync: Polling on remoteEndPoint: 127.0.0.1:57041 localEndPoint: 127.0.0.1:57040
TpTrace Verbose: 0 : 15288, 14, 2021/08/04, 16:37:37.534, 2034784534297, vstest.console.dll, TcpClientExtensions.MessageLoopAsync: NotifyDataAvailable remoteEndPoint: 127.0.0.1:57041 localEndPoint: 127.0.0.1:57040
TpTrace Verbose: 0 : 15288, 14, 2021/08/04, 16:37:37.534, 2034784534716, vstest.console.dll, TestRequestSender.OnExecutionMessageReceived: Received message: {"Version":5,"MessageType":"TestSession.Message","Payload":{"MessageLevel":0,"Message":"[xUnit.net 00:00:06.70]         --- End of stack trace from previous location ---"}}
TpTrace Verbose: 0 : 15288, 14, 2021/08/04, 16:37:37.534, 2034784535460, vstest.console.dll, TestRunRequest:SendTestRunMessage: Starting.
TpTrace Information: 0 : 15288, 14, 2021/08/04, 16:37:37.534, 2034784536087, vstest.console.dll, TestRunRequest:SendTestRunMessage: Completed.
TpTrace Verbose: 0 : 15288, 14, 2021/08/04, 16:37:37.534, 2034784536573, vstest.console.dll, TcpClientExtensions.MessageLoopAsync: Polling on remoteEndPoint: 127.0.0.1:57041 localEndPoint: 127.0.0.1:57040
TpTrace Verbose: 0 : 15288, 14, 2021/08/04, 16:37:37.535, 2034784543306, vstest.console.dll, TcpClientExtensions.MessageLoopAsync: NotifyDataAvailable remoteEndPoint: 127.0.0.1:57041 localEndPoint: 127.0.0.1:57040
TpTrace Verbose: 0 : 15288, 14, 2021/08/04, 16:37:37.535, 2034784544407, vstest.console.dll, TestRequestSender.OnExecutionMessageReceived: Received message: {"Version":5,"MessageType":"TestSession.Message","Payload":{"MessageLevel":0,"Message":"[xUnit.net 00:00:06.70]       Output:"}}
TpTrace Verbose: 0 : 15288, 14, 2021/08/04, 16:37:37.535, 2034784545662, vstest.console.dll, TestRunRequest:SendTestRunMessage: Starting.
TpTrace Information: 0 : 15288, 14, 2021/08/04, 16:37:37.535, 2034784546392, vstest.console.dll, TestRunRequest:SendTestRunMessage: Completed.
TpTrace Verbose: 0 : 15288, 14, 2021/08/04, 16:37:37.535, 2034784546967, vstest.console.dll, TcpClientExtensions.MessageLoopAsync: Polling on remoteEndPoint: 127.0.0.1:57041 localEndPoint: 127.0.0.1:57040
TpTrace Verbose: 0 : 15288, 14, 2021/08/04, 16:37:37.536, 2034784547580, vstest.console.dll, TcpClientExtensions.MessageLoopAsync: NotifyDataAvailable remoteEndPoint: 127.0.0.1:57041 localEndPoint: 127.0.0.1:57040
TpTrace Verbose: 0 : 15288, 14, 2021/08/04, 16:37:37.536, 2034784548344, vstest.console.dll, TestRequestSender.OnExecutionMessageReceived: Received message: {"Version":5,"MessageType":"TestSession.Message","Payload":{"MessageLevel":0,"Message":"[xUnit.net 00:00:06.71]         Json Payload: [{\"value\":\"new note for test\",\"OperationType\":2,\"path\":\"/Note\",\"op\":\"replace\",\"from\":null}]"}}
TpTrace Verbose: 0 : 15288, 14, 2021/08/04, 16:37:37.536, 2034784549161, vstest.console.dll, TestRunRequest:SendTestRunMessage: Starting.
TpTrace Information: 0 : 15288, 14, 2021/08/04, 16:37:37.536, 2034784549861, vstest.console.dll, TestRunRequest:SendTestRunMessage: Completed.
TpTrace Verbose: 0 : 15288, 14, 2021/08/04, 16:37:37.536, 2034784550624, vstest.console.dll, TcpClientExtensions.MessageLoopAsync: Polling on remoteEndPoint: 127.0.0.1:57041 localEndPoint: 127.0.0.1:57040
TpTrace Verbose: 0 : 15288, 14, 2021/08/04, 16:37:37.541, 2034784601469, vstest.console.dll, TcpClientExtensions.MessageLoopAsync: NotifyDataAvailable remoteEndPoint: 127.0.0.1:57041 localEndPoint: 127.0.0.1:57040
TpTrace Verbose: 0 : 15288, 14, 2021/08/04, 16:37:37.541, 2034784603541, vstest.console.dll, TestRequestSender.OnExecutionMessageReceived: Received message: {"Version":5,"MessageType":"TestSession.Message","Payload":{"MessageLevel":0,"Message":"[xUnit.net 00:00:06.71]   Finished:    Demo.DDD.WithEFCore.IntegrationTest"}}
TpTrace Verbose: 0 : 15288, 14, 2021/08/04, 16:37:37.541, 2034784604451, vstest.console.dll, TestRunRequest:SendTestRunMessage: Starting.
TpTrace Information: 0 : 15288, 14, 2021/08/04, 16:37:37.541, 2034784605336, vstest.console.dll, TestRunRequest:SendTestRunMessage: Completed.
TpTrace Verbose: 0 : 15288, 14, 2021/08/04, 16:37:37.541, 2034784605929, vstest.console.dll, TcpClientExtensions.MessageLoopAsync: Polling on remoteEndPoint: 127.0.0.1:57041 localEndPoint: 127.0.0.1:57040
TpTrace Verbose: 0 : 15288, 14, 2021/08/04, 16:37:37.620, 2034785389740, vstest.console.dll, TcpClientExtensions.MessageLoopAsync: NotifyDataAvailable remoteEndPoint: 127.0.0.1:57041 localEndPoint: 127.0.0.1:57040
TpTrace Verbose: 0 : 15288, 14, 2021/08/04, 16:37:37.620, 2034785391183, vstest.console.dll, TestRequestSender.OnExecutionMessageReceived: Received message: {"Version":5,"MessageType":"TestExecution.Completed","Payload":{"TestRunCompleteArgs":{"TestRunStatistics":{"ExecutedTests":5,"Stats":{"Passed":4,"Failed":1}},"IsCanceled":false,"IsAborted":false,"Error":null,"AttachmentSets":[],"ElapsedTimeInRunningTests":"00:00:06.7258368","Metrics":{}},"LastRunTests":{"NewTestResults":[{"TestCase":{"Id":"b46bf93e-48cf-19d7-4114-1a784c0844ba","FullyQualifiedName":"Demo.DDD.WithEFCore.IntegrationTest.OrdersControllerTestWithHost.UpdateOrder_Should_Return_404_NotFound","DisplayName":"Demo.DDD.WithEFCore.IntegrationTest.OrdersControllerTestWithHost.UpdateOrder_Should_Return_404_NotFound","ExecutorUri":"executor://xunit/VsTestRunner2/netcoreapp","Source":"C:\\Users\\mhoque\\source\\repos\\LiteObject\\Demo.DDD.WithEFCore\\Demo.DDD.WithEFCore.IntegrationTest\\bin\\Debug\\net6.0\\Demo.DDD.WithEFCore.IntegrationTest.dll","CodeFilePath":null,"LineNumber":0,"Properties":[]},"Attachments":[],"Outcome":1,"ErrorMessage":null,"ErrorStackTrace":null,"DisplayName":"Demo.DDD.WithEFCore.IntegrationTest.OrdersControllerTestWithHost.UpdateOrder_Should_Return_404_NotFound","Messages":[],"ComputerName":"SH-SFTCHP3Q13","Duration":"00:00:02.7776583","StartTime":"2021-08-04T21:37:37.4413616+00:00","EndTime":"2021-08-04T21:37:37.4413618+00:00","Properties":[]},{"TestCase":{"Id":"80b8c396-b579-1439-f8f5-01940399027a","FullyQualifiedName":"Demo.DDD.WithEFCore.IntegrationTest.OrdersControllerTestWithHost.OrderById_Should_Return_404_NotFound","DisplayName":"Demo.DDD.WithEFCore.IntegrationTest.OrdersControllerTestWithHost.OrderById_Should_Return_404_NotFound","ExecutorUri":"executor://xunit/VsTestRunner2/netcoreapp","Source":"C:\\Users\\mhoque\\source\\repos\\LiteObject\\Demo.DDD.WithEFCore\\Demo.DDD.WithEFCore.IntegrationTest\\bin\\Debug\\net6.0\\Demo.DDD.WithEFCore.IntegrationTest.dll","CodeFilePath":null,"LineNumber":0,"Properties":[]},"Attachments":[],"Outcome":1,"ErrorMessage":null,"ErrorStackTrace":null,"DisplayName":"Demo.DDD.WithEFCore.IntegrationTest.OrdersControllerTestWithHost.OrderById_Should_Return_404_NotFound","Messages":[],"ComputerName":"SH-SFTCHP3Q13","Duration":"00:00:00.0082851","StartTime":"2021-08-04T21:37:37.4513164+00:00","EndTime":"2021-08-04T21:37:37.4513165+00:00","Properties":[]},{"TestCase":{"Id":"78943f70-4f21-ade6-8dec-9ca283d7b610","FullyQualifiedName":"Demo.DDD.WithEFCore.IntegrationTest.OrdersControllerTestWithHost.OrderById_Should_Return_200_Ok","DisplayName":"Demo.DDD.WithEFCore.IntegrationTest.OrdersControllerTestWithHost.OrderById_Should_Return_200_Ok","ExecutorUri":"executor://xunit/VsTestRunner2/netcoreapp","Source":"C:\\Users\\mhoque\\source\\repos\\LiteObject\\Demo.DDD.WithEFCore\\Demo.DDD.WithEFCore.IntegrationTest\\bin\\Debug\\net6.0\\Demo.DDD.WithEFCore.IntegrationTest.dll","CodeFilePath":null,"LineNumber":0,"Properties":[]},"Attachments":[],"Outcome":1,"ErrorMessage":null,"ErrorStackTrace":null,"DisplayName":"Demo.DDD.WithEFCore.IntegrationTest.OrdersControllerTestWithHost.OrderById_Should_Return_200_Ok","Messages":[],"ComputerName":"SH-SFTCHP3Q13","Duration":"00:00:00.0145401","StartTime":"2021-08-04T21:37:37.4659336+00:00","EndTime":"2021-08-04T21:37:37.4659337+00:00","Properties":[]},{"TestCase":{"Id":"e593df41-6a50-be3f-5d4c-1d8f5f0d0084","FullyQualifiedName":"Demo.DDD.WithEFCore.IntegrationTest.OrdersControllerTestWithHost.PatchOrder_Should_Return_NoContent","DisplayName":"Demo.DDD.WithEFCore.IntegrationTest.OrdersControllerTestWithHost.PatchOrder_Should_Return_NoContent","ExecutorUri":"executor://xunit/VsTestRunner2/netcoreapp","Source":"C:\\Users\\mhoque\\source\\repos\\LiteObject\\Demo.DDD.WithEFCore\\Demo.DDD.WithEFCore.IntegrationTest\\bin\\Debug\\net6.0\\Demo.DDD.WithEFCore.IntegrationTest.dll","CodeFilePath":null,"LineNumber":0,"Properties":[]},"Attachments":[],"Outcome":2,"ErrorMessage":"Assert.Equal() Failure\r\nExpected: NoContent\r\nActual:   BadRequest","ErrorStackTrace":"   at Demo.DDD.WithEFCore.IntegrationTest.OrdersControllerTestWithHost.PatchOrder_Should_Return_NoContent() in C:\\Users\\mhoque\\source\\repos\\LiteObject\\Demo.DDD.WithEFCore\\Demo.DDD.WithEFCore.IntegrationTest\\OrdersControllerTestWithHost.cs:line 132\r\n--- End of stack trace from previous location ---","DisplayName":"Demo.DDD.WithEFCore.IntegrationTest.OrdersControllerTestWithHost.PatchOrder_Should_Return_NoContent","Messages":[{"Category":"StdOutMsgs","Text":"Json Payload: [{\"value\":\"new note for test\",\"OperationType\":2,\"path\":\"/Note\",\"op\":\"replace\",\"from\":null}]\r\n"}],"ComputerName":"SH-SFTCHP3Q13","Duration":"00:00:00.0271342","StartTime":"2021-08-04T21:37:37.5371483+00:00","EndTime":"2021-08-04T21:37:37.5371489+00:00","Properties":[]}],"TestRunStatistics":{"ExecutedTests":5,"Stats":{"Passed":4,"Failed":1}},"ActiveTests":[]},"RunAttachments":[],"ExecutorUris":["executor://xunit/VsTestRunner2/netcoreapp"]}}
TpTrace Verbose: 0 : 15288, 14, 2021/08/04, 16:37:37.620, 2034785394514, vstest.console.dll, TestRequestSender.EndSession: Sending end session.
TpTrace Verbose: 0 : 15288, 14, 2021/08/04, 16:37:37.620, 2034785395730, vstest.console.dll, ProxyOperationManager.Close: waiting for test host to exit for 100 ms
TpTrace Warning: 0 : 15288, 13, 2021/08/04, 16:37:37.632, 2034785513732, vstest.console.dll, TestHostManagerCallbacks.ErrorReceivedCallback Test host standard error line: 
TpTrace Verbose: 0 : 15288, 8, 2021/08/04, 16:37:37.664, 2034785833444, vstest.console.dll, TestHostProvider.ExitCallBack: Host exited starting callback.
TpTrace Information: 0 : 15288, 8, 2021/08/04, 16:37:37.665, 2034785838507, vstest.console.dll, TestHostManagerCallbacks.ExitCallBack: Testhost processId: 26948 exited with exitcode: 0 error: ''
TpTrace Verbose: 0 : 15288, 8, 2021/08/04, 16:37:37.665, 2034785839158, vstest.console.dll, DotnetTestHostManager.OnHostExited: invoking OnHostExited callback
TpTrace Verbose: 0 : 15288, 8, 2021/08/04, 16:37:37.665, 2034785839726, vstest.console.dll, CrossPlatEngine.TestHostManagerHostExited: calling on client process exit callback.
TpTrace Information: 0 : 15288, 8, 2021/08/04, 16:37:37.665, 2034785840333, vstest.console.dll, TestRequestSender.OnClientProcessExit: Test host process exited. Standard error: 
TpTrace Warning: 0 : 15288, 14, 2021/08/04, 16:37:37.665, 2034785840765, vstest.console.dll, ProxyOperationManager: Timed out waiting for test host to exit. Will terminate process.
TpTrace Information: 0 : 15288, 8, 2021/08/04, 16:37:37.665, 2034785840822, vstest.console.dll, SocketServer.Stop: Stop server endPoint: 127.0.0.1:57040
TpTrace Information: 0 : 15288, 8, 2021/08/04, 16:37:37.665, 2034785842344, vstest.console.dll, SocketServer.Stop: Cancellation requested. Stopping message loop.
TpTrace Verbose: 0 : 15288, 14, 2021/08/04, 16:37:37.665, 2034785846749, vstest.console.dll, ProxyDataCollectionManager.InvokeDataCollectionServiceAction: Starting.
TpTrace Information: 0 : 15288, 14, 2021/08/04, 16:37:37.666, 2034785851515, vstest.console.dll, ProxyDataCollectionManager.AfterTestRunEnd: Get attachment set for datacollector processId: 14088 port: 57036
TpTrace Verbose: 0 : 15288, 14, 2021/08/04, 16:37:37.666, 2034785852161, vstest.console.dll, DataCollectionRequestSender.SendAfterTestRunStartAndGetResult : Send AfterTestRunEnd message with isCancelled: False
TpTrace Verbose: 0 : 15288, 14, 2021/08/04, 16:37:37.945, 2034788640724, vstest.console.dll, DataCollectionRequestSender.SendAfterTestRunStartAndGetResult : Received message: (DataCollection.AfterTestRunEndResult) -> {
  "AttachmentSets": [
    {
      "Uri": "datacollector://Microsoft/CodeCoverage/2.0",
      "DisplayName": "Code Coverage",
      "Attachments": [
        {
          "Description": "",
          "Uri": "file://C:/Users/mhoque/source/repos/LiteObject/Demo.DDD.WithEFCore/Demo.DDD.WithEFCore.IntegrationTest/TestResults/ee6517b8-624e-41b9-afed-7165ec606210/mhoque_SH-SFTCHP3Q13_2021-08-04.16_37_28.coverage"
        }
      ]
    },
    {
      "Uri": "datacollector://Microsoft/CoverletCodeCoverage/1.0",
      "DisplayName": "XPlat code coverage",
      "Attachments": [
        {
          "Description": "",
          "Uri": "file://C:/Users/mhoque/source/repos/LiteObject/Demo.DDD.WithEFCore/Demo.DDD.WithEFCore.IntegrationTest/TestResults/ee6517b8-624e-41b9-afed-7165ec606210/coverage.cobertura.xml"
        }
      ]
    }
  ],
  "Metrics": {}
}
TpTrace Information: 0 : 15288, 14, 2021/08/04, 16:37:37.948, 2034788677454, vstest.console.dll, ProxyDataCollectionManager.InvokeDataCollectionServiceAction: Completed.
TpTrace Warning: 0 : 15288, 10, 2021/08/04, 16:37:37.953, 2034788725764, vstest.console.dll, DataCollectionLauncher.ErrorReceivedCallback datacollector standard error line: 
TpTrace Information: 0 : 15288, 8, 2021/08/04, 16:37:37.959, 2034788786849, vstest.console.dll, DataCollectionLauncher.ExitCallBack: Data collector exited with exitcode: 0 error: ''
TpTrace Verbose: 0 : 15288, 14, 2021/08/04, 16:37:37.970, 2034788896452, vstest.console.dll, TestRunRequest:SendTestRunStatsChange: Starting.
TpTrace Information: 0 : 15288, 14, 2021/08/04, 16:37:37.970, 2034788897405, vstest.console.dll, TestRunRequest:SendTestRunStatsChange: Completed.
TpTrace Verbose: 0 : 15288, 14, 2021/08/04, 16:37:37.971, 2034788898648, vstest.console.dll, ParallelProxyExecutionManager: HandlePartialRunComplete: Total completed clients = 1, Run complete = True, Run canceled: False.
TpTrace Verbose: 0 : 15288, 14, 2021/08/04, 16:37:37.986, 2034789049782, vstest.console.dll, TestRunRequest:TestRunComplete: Starting. IsAborted:False IsCanceled:False.
TpTrace Verbose: 0 : 15288, 14, 2021/08/04, 16:37:37.986, 2034789051297, vstest.console.dll, TestLoggerManager.HandleTestRunComplete: Ignoring as the object is disposed.
TpTrace Information: 0 : 15288, 14, 2021/08/04, 16:37:37.986, 2034789053296, vstest.console.dll, TestRunRequest:TestRunComplete: Completed.
TpTrace Verbose: 0 : 15288, 1, 2021/08/04, 16:37:37.986, 2034789053579, vstest.console.dll, TestRunRequest.Dispose: Starting.
TpTrace Verbose: 0 : 15288, 14, 2021/08/04, 16:37:37.986, 2034789053821, vstest.console.dll, TestRequestSender.SetOperationComplete: Setting operation complete.
TpTrace Information: 0 : 15288, 1, 2021/08/04, 16:37:37.986, 2034789054547, vstest.console.dll, TestRunRequest.Dispose: Completed.
TpTrace Information: 0 : 15288, 14, 2021/08/04, 16:37:37.986, 2034789055170, vstest.console.dll, SocketServer.Stop: Stop server endPoint: 127.0.0.1:57040
TpTrace Information: 0 : 15288, 1, 2021/08/04, 16:37:37.986, 2034789055742, vstest.console.dll, TestRequestManager.RunTests: run tests completed.
TpTrace Information: 0 : 15288, 14, 2021/08/04, 16:37:37.986, 2034789056155, vstest.console.dll, SocketServer.Stop: Cancellation requested. Stopping message loop.
TpTrace Information: 0 : 15288, 1, 2021/08/04, 16:37:37.986, 2034789057026, vstest.console.dll, RunTestsArgumentProcessor:Execute: Test run is completed.
TpTrace Information: 0 : 15288, 14, 2021/08/04, 16:37:37.986, 2034789057140, vstest.console.dll, SocketServer.PrivateStop: Stop server endPoint: 127.0.0.1:57040 error: 
TpTrace Verbose: 0 : 15288, 1, 2021/08/04, 16:37:37.987, 2034789058622, vstest.console.dll, Executor.Execute: Exiting with exit code of 1
TpTrace Verbose: 0 : 15288, 14, 2021/08/04, 16:37:37.987, 2034789061962, vstest.console.dll, LengthPrefixCommunicationChannel.Dispose: Dispose reader and writer.
TpTrace Information: 0 : 15288, 14, 2021/08/04, 16:37:37.987, 2034789062635, vstest.console.dll, SocketServer.Stop: Raise disconnected event endPoint: 127.0.0.1:57040 error: 
